AMP_1 1 0.617003977298737
AMP_2 0 4.19980024162214e-05
AMP_3 0 9.01418696630518e-14
AMP_4 1 0.916379153728485
AMP_5 1 0.722221791744232
AMP_6 0 0.00380028202198446
AMP_7 0 0.000426345010055229
AMP_8 0 0.000303110078675672
AMP_9 1 0.920767903327942
AMP_10 1 0.917004942893982
AMP_11 1 0.896319270133972
AMP_12 1 0.921622514724731
AMP_13 1 0.949385166168213
AMP_14 0 0.133939191699028
AMP_15 1 0.775882363319397
AMP_16 1 0.997149765491486
AMP_17 1 0.905147731304169
AMP_18 1 0.905723094940186
AMP_19 1 0.976196944713593
AMP_20 0 0.314139544963837
AMP_21 1 0.980137646198273
AMP_22 0 0.0412835031747818
AMP_23 1 0.616639137268066
AMP_24 1 0.871669948101044
AMP_25 1 0.954832255840302
AMP_26 1 0.984924495220184
AMP_27 1 0.98280543088913
AMP_28 1 0.981335401535034
AMP_29 1 0.988051414489746
AMP_30 1 0.991637170314789
AMP_31 0 0.163509950041771
AMP_32 0 2.12917305314475e-11
AMP_33 0 2.62852941036412e-27
AMP_34 0 4.15332522148692e-28
AMP_35 0 2.37707903385995e-28
AMP_36 0 1.43739608950364e-26
AMP_37 0 5.78922646739467e-26
AMP_38 0 5.28665121580623e-28
AMP_39 0 7.94902840197906e-26
AMP_40 0 0.327925771474838
AMP_41 1 0.884608685970306
AMP_42 1 0.983260333538055
AMP_43 1 0.990492641925812
AMP_44 0 1.01654884221882e-25
AMP_45 0 0.000338037760229781
AMP_46 0 0.455790400505066
AMP_47 1 0.817714750766754
AMP_48 1 0.920449554920197
AMP_49 1 0.512720704078674
AMP_50 1 0.512720704078674
AMP_51 1 0.927666425704956
AMP_52 0 2.54068388549911e-09
AMP_53 1 0.55830717086792
AMP_54 0 0.00114887417294085
AMP_55 0 0.394141227006912
AMP_56 1 0.847551941871643
AMP_57 1 0.757236957550049
AMP_58 1 0.96642005443573
AMP_59 1 0.761459767818451
AMP_60 1 0.812660396099091
AMP_61 1 0.914384484291077
AMP_62 0 3.87917439021074e-28
AMP_63 0 1.71943154315704e-27
AMP_64 0 0.378602474927902
AMP_65 1 0.725746929645538
AMP_66 1 0.802570998668671
AMP_67 1 0.833451449871063
AMP_68 1 0.714204788208008
AMP_69 0 0.0382472276687622
AMP_70 1 0.653433620929718
AMP_71 0 0.0660856142640114
AMP_72 1 0.870689988136292
AMP_73 1 0.976688325405121
AMP_74 1 0.830627024173737
AMP_75 1 0.986083328723907
AMP_76 1 0.996885359287262
AMP_77 1 0.997052550315857
AMP_78 1 0.998058378696442
AMP_79 1 0.926086604595184
AMP_80 1 0.574527323246002
AMP_81 1 0.671644628047943
AMP_82 0 0.130560174584389
AMP_83 0 0.49081215262413
AMP_84 1 0.919396758079529
AMP_85 1 0.930946469306946
AMP_86 0 4.34501680501853e-06
AMP_87 1 0.883205235004425
AMP_88 0 6.81857782183215e-05
AMP_89 1 0.95574551820755
AMP_90 1 0.668892085552216
AMP_91 1 0.660199284553528
AMP_92 0 0.42100915312767
AMP_93 1 0.878008723258972
AMP_94 1 0.688708305358887
AMP_95 1 0.70976060628891
AMP_96 1 0.693906724452972
AMP_97 1 0.684019565582275
AMP_98 1 0.686883211135864
AMP_99 1 0.875886976718903
AMP_100 1 0.691143989562988
AMP_101 1 0.914169728755951
AMP_102 1 0.532777786254883
AMP_103 1 0.928528428077698
AMP_104 1 0.791814208030701
AMP_105 1 0.761696517467499
AMP_106 1 0.582781732082367
AMP_107 1 0.519240915775299
AMP_108 1 0.538568913936615
AMP_109 1 0.683938980102539
AMP_110 1 0.635758340358734
AMP_111 1 0.756552577018738
AMP_112 1 0.707847595214844
AMP_113 1 0.657936334609985
AMP_114 1 0.634882152080536
AMP_115 1 0.607641816139221
AMP_116 1 0.614740014076233
AMP_117 1 0.650329411029816
AMP_118 1 0.67822939157486
AMP_119 1 0.641063749790192
AMP_120 1 0.960277497768402
AMP_121 1 0.68645966053009
AMP_122 1 0.993374884128571
AMP_123 1 0.933302223682404
AMP_124 1 0.73273903131485
AMP_125 1 0.889599919319153
AMP_126 1 0.574996590614319
AMP_127 0 1.4549554861414e-26
AMP_128 1 0.980436146259308
AMP_129 0 0.147212818264961
AMP_130 0 0.286875993013382
AMP_131 0 0.108902260661125
AMP_132 1 0.937426924705505
AMP_133 1 0.863873362541199
AMP_134 0 0.499754786491394
AMP_135 0 0.000165800214745104
AMP_136 0 0.00354737299494445
AMP_137 0 0.42315936088562
AMP_138 0 0.364784568548203
AMP_139 0 1.65578658197774e-05
AMP_140 0 3.7935926229693e-05
AMP_141 1 0.881465256214142
AMP_142 1 0.903443872928619
AMP_143 1 0.988590657711029
AMP_144 0 0.050860483199358
AMP_145 1 0.764510333538055
AMP_146 1 0.881019532680511
AMP_147 0 0.0150503320619464
AMP_148 0 0.00741399312391877
AMP_149 1 0.994209408760071
AMP_150 0 0.015910005196929
AMP_151 0 0.447759628295898
AMP_152 0 0.0186319351196289
AMP_153 0 0.00205558747984469
AMP_154 0 0.00310161313973367
AMP_155 0 0.000145894839079119
AMP_156 0 0.265563637018204
AMP_157 0 0.286470770835876
AMP_158 1 0.971944630146027
AMP_159 1 0.97929435968399
AMP_160 0 0.0184125807136297
AMP_161 1 0.955507755279541
AMP_162 1 0.838839769363403
AMP_163 1 0.997657775878906
AMP_164 1 0.941724956035614
AMP_165 0 0.00114144769031554
AMP_166 0 0.000255725404713303
AMP_167 1 0.660239815711975
AMP_168 1 0.971878826618195
AMP_169 1 0.974035143852234
AMP_170 1 0.993328213691711
AMP_171 1 0.997723162174225
AMP_172 1 0.997587919235229
AMP_173 1 0.997862994670868
AMP_174 1 0.991711735725403
AMP_175 1 0.866685569286346
AMP_176 1 0.791827440261841
AMP_177 1 0.908631801605225
AMP_178 1 0.967137038707733
AMP_179 1 0.981475234031677
AMP_180 1 0.985207438468933
AMP_181 1 0.956302583217621
AMP_182 1 0.907049596309662
AMP_183 1 0.955925226211548
AMP_184 1 0.984253764152527
AMP_185 1 0.961094558238983
AMP_186 1 0.771278440952301
AMP_187 0 0.11657091230154
AMP_188 1 0.977805256843567
AMP_189 0 0.00126926472876221
AMP_190 1 0.943856418132782
AMP_191 0 9.91357559376174e-19
AMP_192 0 9.43736151126037e-19
AMP_193 1 0.888112604618073
AMP_194 0 0.160711228847504
AMP_195 0 0.120194256305695
AMP_196 0 0.484340012073517
AMP_197 0 0.40429961681366
AMP_198 0 2.01218353147213e-19
AMP_199 0 0.00905927829444408
AMP_200 0 0.0571859739720821
AMP_201 0 0.35378435254097
AMP_202 0 0.48323917388916
AMP_203 1 0.579452455043793
AMP_204 0 1.47420080700081e-13
AMP_205 0 0.0560652837157249
AMP_206 0 0.0276994071900845
AMP_207 1 0.547593176364899
AMP_208 1 0.773366153240204
AMP_209 0 0.00801167171448469
AMP_210 1 0.629049241542816
AMP_211 1 0.664279937744141
AMP_212 0 7.04780255423448e-13
AMP_213 1 0.911345899105072
AMP_214 0 0.16368193924427
AMP_215 0 0.434074193239212
AMP_216 0 0.0241869557648897
AMP_217 1 0.999973177909851
AMP_218 1 0.556484162807465
AMP_219 1 0.662914335727692
AMP_220 1 0.787419199943542
AMP_221 1 0.756352186203003
AMP_222 1 0.710452616214752
AMP_223 1 0.722894608974457
AMP_224 1 0.754550755023956
AMP_225 1 0.960277497768402
AMP_226 0 0.00520179187878966
AMP_227 1 0.870648443698883
AMP_228 0 0.00201040436513722
AMP_229 0 0.00343475304543972
AMP_230 1 0.515517830848694
AMP_231 1 0.718930423259735
AMP_232 1 0.609658896923065
AMP_233 0 1.26669738608788e-13
AMP_234 1 0.962903559207916
AMP_235 1 0.716320216655731
AMP_236 0 0.264681816101074
AMP_237 1 0.64633047580719
AMP_238 0 0.430117189884186
AMP_239 1 0.629436254501343
AMP_240 1 0.796360790729523
AMP_241 1 0.707589626312256
AMP_242 1 0.883332908153534
AMP_243 1 0.797928035259247
AMP_244 1 0.991206347942352
AMP_245 1 0.719221115112305
AMP_246 1 0.721556186676025
AMP_247 1 0.987852454185486
AMP_248 1 0.929626166820526
AMP_249 1 0.974514245986938
AMP_250 1 0.825461030006409
AMP_251 1 0.946808218955994
AMP_252 1 0.79660838842392
AMP_253 1 0.905409872531891
AMP_254 1 0.960430979728699
AMP_255 1 0.90010666847229
AMP_256 1 0.917149603366852
AMP_257 0 0.154113665223122
AMP_258 1 0.9668909907341
AMP_259 1 0.687875211238861
AMP_260 0 0.00724083790555596
AMP_261 0 5.71639979796146e-08
AMP_262 0 3.34026637460738e-08
AMP_263 0 0.0145375058054924
AMP_264 0 0.00457645300775766
AMP_265 0 2.88492368882842e-10
AMP_266 0 6.70905608846084e-10
AMP_267 0 0.0196299590170383
AMP_268 1 0.726282179355621
AMP_269 1 0.862554669380188
AMP_270 0 0.221122115850449
AMP_271 1 0.591826975345612
AMP_272 0 1.66921236086637e-05
AMP_273 0 8.81252253748244e-06
AMP_274 1 0.938137412071228
AMP_275 0 2.56911131320701e-18
AMP_276 0 0.0131968529894948
AMP_277 0 0.0111764129251242
AMP_278 1 0.989991426467896
AMP_279 0 0.122638083994389
AMP_280 0 0.0425243116915226
AMP_281 1 0.558408439159393
AMP_282 0 7.05649363226257e-05
AMP_283 0 0.0253617633134127
AMP_284 0 2.65417355649333e-07
AMP_285 0 0.297029763460159
AMP_286 1 0.549586653709412
AMP_287 0 0.111677035689354
AMP_288 0 0.248428717255592
AMP_289 0 0.292592644691467
AMP_290 0 0.120442800223827
AMP_291 1 0.583983421325684
AMP_292 0 0.193002566695213
AMP_293 0 0.215025663375854
AMP_294 0 1.0954351921697e-31
AMP_295 0 0.223294660449028
AMP_296 1 0.627928853034973
AMP_297 1 0.763115525245667
AMP_298 0 0.029208205640316
AMP_299 0 0.475601822137833
AMP_300 0 0.0279828105121851
AMP_301 0 0.00349583383649588
AMP_302 0 0.168580189347267
AMP_303 0 0.228921189904213
AMP_304 0 0.342774391174316
AMP_305 0 0.358034074306488
AMP_306 0 0.146372646093369
AMP_307 0 0.386672556400299
AMP_308 1 0.581855535507202
AMP_309 1 0.584720194339752
AMP_310 1 0.604959070682526
AMP_311 1 0.815113425254822
AMP_312 0 0.313598483800888
AMP_313 0 0.329404264688492
AMP_314 0 0.000966559513472021
AMP_315 0 0.000444270845036954
AMP_316 0 0.000140252042911015
AMP_317 0 0.000678417389281094
AMP_318 0 0.000467164587462321
AMP_319 0 0.000929982925299555
AMP_320 0 0.00014679336163681
AMP_321 0 9.99947587843053e-05
AMP_322 0 0.048684973269701
AMP_323 0 0.098183661699295
AMP_324 1 0.500649571418762
AMP_325 0 0.00158003473188728
AMP_326 0 0.13917575776577
AMP_327 0 0.0682802051305771
AMP_328 0 0.0645748674869537
AMP_329 0 0.333114415407181
AMP_330 1 0.994972944259644
AMP_331 1 0.99380350112915
AMP_332 1 0.979852676391602
AMP_333 1 0.996998071670532
AMP_334 0 0.166673839092255
AMP_335 1 0.80828720331192
AMP_336 1 0.767853260040283
AMP_337 1 0.923049986362457
AMP_338 0 0.344551861286163
AMP_339 1 0.979600131511688
AMP_340 0 0.137600630521774
AMP_341 0 0.157922118902206
AMP_342 1 0.991060316562653
AMP_343 0 6.29171472610324e-06
AMP_344 0 1.87883619773288e-09
AMP_345 0 4.07877873261201e-27
AMP_346 1 0.547387003898621
AMP_347 1 0.978089034557343
AMP_348 0 8.21482899482362e-05
AMP_349 0 0.000257207429967821
AMP_350 0 0.000320990657201037
AMP_351 1 0.500276446342468
AMP_352 1 0.951206147670746
AMP_353 1 0.756202697753906
AMP_354 0 0.000950803339947015
AMP_355 0 0.0227148085832596
AMP_356 1 0.765183866024017
AMP_357 0 0.0101059060543776
AMP_358 0 4.24024149126012e-11
AMP_359 0 1.40199046897707e-14
AMP_360 0 3.86796483731189e-10
AMP_361 0 1.95529276126596e-15
AMP_362 0 1.07997992500168e-15
AMP_363 0 1.28215557220385e-15
AMP_364 0 0.0582498610019684
AMP_365 0 0.142706751823425
AMP_366 1 0.534791588783264
AMP_367 1 0.989388406276703
AMP_368 0 0.000833602738566697
AMP_369 0 0.498556613922119
AMP_370 1 0.520841479301453
AMP_371 0 0.000505760894156992
AMP_372 0 9.35857404072076e-24
AMP_373 0 0.318004369735718
AMP_374 0 0.051025778055191
AMP_375 1 0.993079245090485
AMP_376 1 0.994886338710785
AMP_377 1 0.997559666633606
AMP_378 1 0.997572362422943
AMP_379 1 0.954813003540039
AMP_380 1 0.950139224529266
AMP_381 0 6.44319970641294e-12
AMP_382 0 0.291514784097672
AMP_383 0 0.113758593797684
AMP_384 1 0.537274777889252
AMP_385 0 0.00470072310417891
AMP_386 0 0.00383649975992739
AMP_387 0 0.0161486826837063
AMP_388 0 0.215213909745216
AMP_389 0 0.0226234905421734
AMP_390 0 4.61592463807392e-07
AMP_391 1 0.582596361637115
AMP_392 0 0.000942730926908553
AMP_393 0 0.360227137804031
AMP_394 0 0.015669098123908
AMP_395 0 0.159185200929642
AMP_396 0 0.0312891229987144
AMP_397 1 0.825286269187927
AMP_398 1 0.847069263458252
AMP_399 1 0.505812644958496
AMP_400 1 0.512720704078674
AMP_401 1 0.512720704078674
AMP_402 1 0.512720704078674
AMP_403 1 0.50834709405899
AMP_404 0 0.00305282743647695
AMP_405 0 1.8249899999793e-29
AMP_406 1 0.998622894287109
AMP_407 0 0.00232129218056798
AMP_408 1 0.993029057979584
AMP_409 1 0.742685079574585
AMP_410 1 0.699397146701813
AMP_411 0 6.72951090976025e-21
AMP_412 0 0.0190163552761078
AMP_413 1 0.783505201339722
AMP_414 0 7.52335779452551e-07
AMP_415 1 0.802455425262451
AMP_416 0 0.26925140619278
AMP_417 1 0.98850291967392
AMP_418 0 0.145789504051208
AMP_419 0 0.0475396476686001
AMP_420 1 0.867201447486877
AMP_421 1 0.801246762275696
AMP_422 1 0.99496978521347
AMP_423 1 0.600239455699921
AMP_424 1 0.880204439163208
AMP_425 1 0.834998190402985
AMP_426 1 0.744952440261841
AMP_427 0 2.3296693143493e-06
AMP_428 1 0.716185331344604
AMP_429 1 0.529407739639282
AMP_430 1 0.978435158729553
AMP_431 1 0.603157997131348
AMP_432 0 0.00172361952718347
AMP_433 0 0.217480733990669
AMP_434 0 0.00212104269303381
AMP_435 0 0.0470641553401947
AMP_436 1 0.784240186214447
AMP_437 1 0.718746781349182
AMP_438 1 0.859572112560272
AMP_439 1 0.950244665145874
AMP_440 0 1.42643766594119e-05
AMP_441 1 0.915369808673859
AMP_442 1 0.879145443439484
AMP_443 1 0.635341882705688
AMP_444 1 0.919587850570679
AMP_445 1 0.949127912521362
AMP_446 1 0.961830794811249
AMP_447 1 0.930703461170197
AMP_448 1 0.990620613098145
AMP_449 1 0.931123316287994
AMP_450 1 0.952761948108673
AMP_451 1 0.872970461845398
AMP_452 1 0.999624848365784
AMP_453 1 0.937818765640259
AMP_454 1 0.929446637630463
AMP_455 1 0.788450121879578
AMP_456 1 0.892246663570404
AMP_457 1 0.641151309013367
AMP_458 1 0.74073988199234
AMP_459 1 0.712300539016724
AMP_460 1 0.815362453460693
AMP_461 1 0.832212269306183
AMP_462 1 0.840679347515106
AMP_463 1 0.837839782238007
AMP_464 1 0.848429501056671
AMP_465 1 0.827209711074829
AMP_466 1 0.879631519317627
AMP_467 1 0.724425077438354
AMP_468 1 0.963081240653992
AMP_469 1 0.936375498771667
AMP_470 1 0.872348308563232
AMP_471 1 0.803880870342255
AMP_472 1 0.743147432804108
AMP_473 1 0.961678922176361
AMP_474 1 0.693958282470703
AMP_475 0 0.172055944800377
AMP_476 1 0.653809905052185
AMP_477 1 0.950415313243866
AMP_478 1 0.760412037372589
AMP_479 1 0.889160990715027
AMP_480 1 0.938452363014221
AMP_481 1 0.927858293056488
AMP_482 1 0.916096210479736
AMP_483 1 0.873696208000183
AMP_484 1 0.658806979656219
AMP_485 1 0.901795268058777
AMP_486 1 0.916049122810364
AMP_487 1 0.516290187835693
AMP_488 1 0.758460938930511
AMP_489 1 0.922605633735657
AMP_490 1 0.689562976360321
AMP_491 1 0.815387845039368
AMP_492 1 0.536532819271088
AMP_493 1 0.834878921508789
AMP_494 1 0.896461308002472
AMP_495 1 0.951759994029999
AMP_496 1 0.829679250717163
AMP_497 1 0.864033222198486
AMP_498 1 0.829139471054077
AMP_499 1 0.90842068195343
AMP_500 1 0.584800064563751
AMP_501 1 0.87516987323761
AMP_502 1 0.933169543743134
AMP_503 1 0.991791009902954
AMP_504 1 0.993864357471466
AMP_505 1 0.869284570217133
AMP_506 1 0.77085417509079
AMP_507 1 0.8889479637146
AMP_508 0 0.218576207756996
AMP_509 1 0.67006641626358
AMP_510 1 0.913615942001343
AMP_511 1 0.844654560089111
AMP_512 1 0.91512143611908
AMP_513 1 0.871636867523193
AMP_514 1 0.81136292219162
AMP_515 0 0.00131873518694192
AMP_516 0 0.0041238353587687
AMP_517 1 0.742423534393311
AMP_518 1 0.770957767963409
AMP_519 1 0.970871925354004
AMP_520 1 0.886263310909271
AMP_521 1 0.922545969486237
AMP_522 0 0.0541399344801903
AMP_523 1 0.650532960891724
AMP_524 1 0.637713372707367
AMP_525 1 0.926403701305389
AMP_526 1 0.935978174209595
AMP_527 1 0.676010489463806
AMP_528 1 0.715440690517426
AMP_529 0 0.0781185477972031
AMP_530 0 0.0221772622317076
AMP_531 1 0.875912666320801
AMP_532 1 0.933606147766113
AMP_533 1 0.949489653110504
AMP_534 1 0.710353672504425
AMP_535 1 0.841097176074982
AMP_536 1 0.678934752941132
AMP_537 1 0.872932195663452
AMP_538 1 0.935244977474213
AMP_539 1 0.644775390625
AMP_540 1 0.757291674613953
AMP_541 1 0.733309268951416
AMP_542 1 0.861025333404541
AMP_543 1 0.820336639881134
AMP_544 1 0.875489354133606
AMP_545 1 0.997688055038452
AMP_546 1 0.821098387241364
AMP_547 1 0.990820825099945
AMP_548 1 0.851498246192932
AMP_549 1 0.910279333591461
AMP_550 1 0.998420476913452
AMP_551 1 0.994110882282257
AMP_552 1 0.995450079441071
AMP_553 1 0.80393373966217
AMP_554 1 0.822770714759827
AMP_555 1 0.778340637683868
AMP_556 1 0.822770714759827
AMP_557 1 0.888978660106659
AMP_558 1 0.977381825447083
AMP_559 1 0.997380912303925
AMP_560 1 0.797164142131805
AMP_561 1 0.943249881267548
AMP_562 1 0.901854634284973
AMP_563 1 0.788915872573853
AMP_564 1 0.713490903377533
AMP_565 1 0.888321936130524
AMP_566 1 0.705911874771118
AMP_567 1 0.802822828292847
AMP_568 1 0.755210697650909
AMP_569 1 0.508811354637146
AMP_570 1 0.87131142616272
AMP_571 1 0.659350454807281
AMP_572 1 0.701459765434265
AMP_573 1 0.731549143791199
AMP_574 1 0.609711587429047
AMP_575 1 0.632706105709076
AMP_576 1 0.673725783824921
AMP_577 1 0.515759170055389
AMP_578 1 0.673725783824921
AMP_579 1 0.691466331481934
AMP_580 1 0.705241680145264
AMP_581 1 0.635053873062134
AMP_582 1 0.741218090057373
AMP_583 1 0.71240496635437
AMP_584 1 0.781374096870422
AMP_585 1 0.819043338298798
AMP_586 1 0.612664461135864
AMP_587 1 0.65778660774231
AMP_588 0 0.379736989736557
AMP_589 1 0.60504686832428
AMP_590 1 0.610922694206238
AMP_591 1 0.648310840129852
AMP_592 1 0.583801031112671
AMP_593 1 0.7483149766922
AMP_594 1 0.723771095275879
AMP_595 1 0.621455430984497
AMP_596 1 0.621455430984497
AMP_597 1 0.832489192485809
AMP_598 1 0.908414542675018
AMP_599 1 0.732843577861786
AMP_600 1 0.642616391181946
AMP_601 1 0.669389367103577
AMP_602 1 0.72747278213501
AMP_603 1 0.792105078697205
AMP_604 1 0.673097848892212
AMP_605 1 0.759815990924835
AMP_606 1 0.704163074493408
AMP_607 1 0.643859565258026
AMP_608 1 0.671379745006561
AMP_609 1 0.632381319999695
AMP_610 1 0.75315135717392
AMP_611 1 0.664614737033844
AMP_612 1 0.71401172876358
AMP_613 1 0.873221516609192
AMP_614 1 0.695736527442932
AMP_615 1 0.599041223526001
AMP_616 1 0.575515806674957
AMP_617 1 0.558930337429047
AMP_618 1 0.817423045635223
AMP_619 1 0.725644946098328
AMP_620 1 0.790815830230713
AMP_621 1 0.831187784671783
AMP_622 1 0.7822345495224
AMP_623 1 0.751499831676483
AMP_624 1 0.695036768913269
AMP_625 1 0.716342329978943
AMP_626 1 0.736307322978973
AMP_627 1 0.817423045635223
AMP_628 1 0.664936125278473
AMP_629 1 0.852964282035828
AMP_630 1 0.919532299041748
AMP_631 1 0.827209711074829
AMP_632 1 0.758978605270386
AMP_633 1 0.834538638591766
AMP_634 1 0.871223330497742
AMP_635 1 0.786344707012177
AMP_636 1 0.774430096149445
AMP_637 1 0.657897531986237
AMP_638 1 0.925321757793427
AMP_639 1 0.651393294334412
AMP_640 1 0.927189707756042
AMP_641 1 0.733280301094055
AMP_642 1 0.806480586528778
AMP_643 1 0.918099582195282
AMP_644 1 0.760696053504944
AMP_645 1 0.809229493141174
AMP_646 1 0.806605935096741
AMP_647 1 0.824840664863586
AMP_648 1 0.806293249130249
AMP_649 1 0.861657559871674
AMP_650 1 0.809464156627655
AMP_651 1 0.774430096149445
AMP_652 1 0.692796111106873
AMP_653 1 0.976829707622528
AMP_654 1 0.773021340370178
AMP_655 1 0.815410256385803
AMP_656 1 0.767488420009613
AMP_657 1 0.653827726840973
AMP_658 1 0.794819295406342
AMP_659 1 0.934075832366943
AMP_660 1 0.903745174407959
AMP_661 1 0.843536972999573
AMP_662 1 0.764673948287964
AMP_663 1 0.610992074012756
AMP_664 1 0.876175999641418
AMP_665 1 0.876175999641418
AMP_666 1 0.809464156627655
AMP_667 1 0.706914961338043
AMP_668 1 0.708561718463898
AMP_669 1 0.657195746898651
AMP_670 1 0.728528499603271
AMP_671 1 0.846343815326691
AMP_672 1 0.661870956420898
AMP_673 1 0.629355490207672
AMP_674 1 0.517774343490601
AMP_675 1 0.867452800273895
AMP_676 1 0.728252708911896
AMP_677 1 0.852243840694427
AMP_678 1 0.709206283092499
AMP_679 1 0.779111444950104
AMP_680 1 0.796739876270294
AMP_681 1 0.859746694564819
AMP_682 1 0.727034211158752
AMP_683 0 0.382794082164764
AMP_684 1 0.825800597667694
AMP_685 1 0.699446558952332
AMP_686 1 0.941705405712128
AMP_687 1 0.997253835201263
AMP_688 1 0.892179429531097
AMP_689 1 0.946458995342255
AMP_690 1 0.874944925308228
AMP_691 1 0.971180021762848
AMP_692 1 0.762906849384308
AMP_693 1 0.859831571578979
AMP_694 1 0.902362108230591
AMP_695 1 0.910046875476837
AMP_696 1 0.672442197799683
AMP_697 1 0.70687597990036
AMP_698 1 0.736304104328156
AMP_699 1 0.60624235868454
AMP_700 1 0.74279260635376
AMP_701 1 0.568882346153259
AMP_702 1 0.656360924243927
AMP_703 1 0.542907476425171
AMP_704 1 0.594859540462494
AMP_705 1 0.631111979484558
AMP_706 1 0.697398602962494
AMP_707 1 0.71820729970932
AMP_708 1 0.876748979091644
AMP_709 1 0.721696317195892
AMP_710 1 0.780167698860168
AMP_711 1 0.859437644481659
AMP_712 1 0.938154280185699
AMP_713 1 0.928105652332306
AMP_714 1 0.98050731420517
AMP_715 1 0.950006186962128
AMP_716 1 0.864747881889343
AMP_717 1 0.938484072685242
AMP_718 1 0.739117801189423
AMP_719 1 0.85216897726059
AMP_720 1 0.892785370349884
AMP_721 1 0.654476583003998
AMP_722 1 0.859634220600128
AMP_723 0 0.498831033706665
AMP_724 1 0.977212846279144
AMP_725 1 0.622848451137543
AMP_726 1 0.830192446708679
AMP_727 1 0.994920670986176
AMP_728 1 0.985722184181213
AMP_729 1 0.935441195964813
AMP_730 0 0.022739602252841
AMP_731 1 0.500046014785767
AMP_732 0 1.39145232879237e-13
AMP_733 1 0.966615378856659
AMP_734 0 0.242393329739571
AMP_735 0 3.04532318295969e-06
AMP_736 1 0.859388589859009
AMP_737 1 0.739529609680176
AMP_738 1 0.727599561214447
AMP_739 1 0.797823905944824
AMP_740 1 0.957723915576935
AMP_741 1 0.691306412220001
AMP_742 0 0.00704339938238263
AMP_743 0 0.122582346200943
AMP_744 0 0.00966269802302122
AMP_745 1 0.896231055259705
AMP_746 1 0.9727503657341
AMP_747 1 0.984157383441925
AMP_748 1 0.97479784488678
AMP_749 0 0.218937575817108
AMP_750 0 0.000120885597425513
AMP_751 1 0.860118389129639
AMP_752 1 0.62823212146759
AMP_753 1 0.74067497253418
AMP_754 1 0.669351875782013
AMP_755 1 0.887542426586151
AMP_756 1 0.799501955509186
AMP_757 0 0.238100871443748
AMP_758 0 0.247619032859802
AMP_759 1 0.588553190231323
AMP_760 0 0.0889601111412048
AMP_761 1 0.85853773355484
AMP_762 1 0.892098963260651
AMP_763 1 0.875633358955383
AMP_764 1 0.737045347690582
AMP_765 1 0.649071395397186
AMP_766 1 0.887413203716278
AMP_767 1 0.971238374710083
AMP_768 1 0.651266574859619
AMP_769 1 0.728038907051086
AMP_770 1 0.852999806404114
AMP_771 1 0.848570168018341
AMP_772 1 0.850667715072632
AMP_773 1 0.821775197982788
AMP_774 1 0.79548054933548
AMP_775 0 0.000444596458692104
AMP_776 1 0.815658748149872
AMP_777 1 0.918927192687988
AMP_778 1 0.870517492294312
AMP_779 1 0.997940957546234
AMP_780 0 0.0816103965044022
AMP_781 0 0.0302702821791172
AMP_782 1 0.672507286071777
AMP_783 1 0.959227025508881
AMP_784 1 0.92119437456131
AMP_785 1 0.77099746465683
AMP_786 0 0.21223495900631
AMP_787 0 0.00108825275674462
AMP_788 0 6.33516980194648e-12
AMP_789 1 0.501922249794006
AMP_790 0 0.000957047683186829
AMP_791 0 0.00204098084941506
AMP_792 0 4.6584822588e-13
AMP_793 1 0.969670534133911
AMP_794 1 0.962568879127502
AMP_795 1 0.734714567661285
AMP_796 1 0.824120163917542
AMP_797 1 0.930345773696899
AMP_798 1 0.79319030046463
AMP_799 1 0.911608636379242
AMP_800 1 0.824420571327209
AMP_801 1 0.90605366230011
AMP_802 1 0.77707827091217
AMP_803 1 0.521348297595978
AMP_804 0 0.0561981461942196
AMP_805 0 0.139766365289688
AMP_806 0 0.0829825401306152
AMP_807 0 0.170523017644882
AMP_808 0 0.0657851696014404
AMP_809 1 0.789623498916626
AMP_810 1 0.947108507156372
AMP_811 1 0.941417276859283
AMP_812 0 0.42009511590004
AMP_813 0 0.0088580371811986
AMP_814 1 0.984842658042908
AMP_815 1 0.995462000370026
AMP_816 1 0.986283898353577
AMP_817 0 0.107714094221592
AMP_818 1 0.698785603046417
AMP_819 0 0.368877470493317
AMP_820 1 0.802007079124451
AMP_821 1 0.960917294025421
AMP_822 1 0.968978762626648
AMP_823 1 0.987588703632355
AMP_824 1 0.990972876548767
AMP_825 1 0.945757925510406
AMP_826 0 0.0535831078886986
AMP_827 1 0.972882807254791
AMP_828 1 0.985434412956238
AMP_829 1 0.970130741596222
AMP_830 1 0.982227981090546
AMP_831 1 0.910742402076721
AMP_832 1 0.818521738052368
AMP_833 1 0.846715033054352
AMP_834 1 0.670686662197113
AMP_835 1 0.759437620639801
AMP_836 1 0.760478854179382
AMP_837 0 0.435430824756622
AMP_838 0 0.437726616859436
AMP_839 0 0.483672440052032
AMP_840 1 0.502848207950592
AMP_841 1 0.789995789527893
AMP_842 1 0.674323737621307
AMP_843 1 0.977606058120728
AMP_844 1 0.958847641944885
AMP_845 1 0.737573027610779
AMP_846 1 0.535308420658112
AMP_847 1 0.741259753704071
AMP_848 1 0.812346994876862
AMP_849 1 0.852261066436768
AMP_850 1 0.866628646850586
AMP_851 1 0.91132527589798
AMP_852 1 0.909478843212128
AMP_853 1 0.867002487182617
AMP_854 1 0.680835068225861
AMP_855 1 0.979957759380341
AMP_856 1 0.819364368915558
AMP_857 1 0.841856956481934
AMP_858 1 0.949272572994232
AMP_859 1 0.774608194828033
AMP_860 1 0.77941358089447
AMP_861 1 0.963381052017212
AMP_862 1 0.945576786994934
AMP_863 1 0.7579665184021
AMP_864 1 0.952619552612305
AMP_865 1 0.832666456699371
AMP_866 1 0.920231521129608
AMP_867 1 0.952619552612305
AMP_868 1 0.966619789600372
AMP_869 1 0.960617661476135
AMP_870 1 0.962666869163513
AMP_871 1 0.974289953708649
AMP_872 1 0.934799015522003
AMP_873 0 0.393871366977692
AMP_874 1 0.968717455863953
AMP_875 1 0.672288358211517
AMP_876 1 0.693670809268951
AMP_877 1 0.696695685386658
AMP_878 1 0.822060525417328
AMP_879 1 0.885469615459442
AMP_880 1 0.557116448879242
AMP_881 1 0.947306871414185
AMP_882 1 0.674976170063019
AMP_883 1 0.719307959079742
AMP_884 1 0.695617020130157
AMP_885 1 0.9924276471138
AMP_886 1 0.860928654670715
AMP_887 1 0.896787703037262
AMP_888 1 0.892478585243225
AMP_889 1 0.855374336242676
AMP_890 1 0.796776294708252
AMP_891 1 0.715272188186646
AMP_892 1 0.976984083652496
AMP_893 1 0.976785659790039
AMP_894 0 0.00532242702320218
AMP_895 0 0.00567097030580044
AMP_896 0 0.00825105607509613
AMP_897 1 0.925489187240601
AMP_898 0 0.0556505210697651
AMP_899 1 0.778145790100098
AMP_900 1 0.828978061676025
AMP_901 1 0.800071120262146
AMP_902 1 0.825205087661743
AMP_903 1 0.829038500785828
AMP_904 1 0.842476367950439
AMP_905 1 0.811842441558838
AMP_906 1 0.951662302017212
AMP_907 1 0.971418619155884
AMP_908 0 0.0793346539139748
AMP_909 0 0.0513019412755966
AMP_910 0 0.00320080178789794
AMP_911 0 0.0046390094794333
AMP_912 0 0.00703222304582596
AMP_913 0 0.00176728377118707
AMP_914 0 0.0171562898904085
AMP_915 0 0.00015382502169814
AMP_916 0 0.000131316861370578
AMP_917 0 6.36086269878433e-07
AMP_918 1 0.95498138666153
AMP_919 1 0.944169938564301
AMP_920 1 0.702771246433258
AMP_921 1 0.986874997615814
AMP_922 1 0.995905876159668
AMP_923 1 0.941297471523285
AMP_924 1 0.949171423912048
AMP_925 1 0.866861999034882
AMP_926 1 0.602717459201813
AMP_927 1 0.846936941146851
AMP_928 1 0.846083581447601
AMP_929 1 0.792182564735413
AMP_930 1 0.860806345939636
AMP_931 1 0.925916790962219
AMP_932 1 0.63633006811142
AMP_933 1 0.843925178050995
AMP_934 1 0.876633644104004
AMP_935 1 0.851864099502563
AMP_936 1 0.932355344295502
AMP_937 1 0.954213500022888
AMP_938 1 0.854951083660126
AMP_939 1 0.887460708618164
AMP_940 1 0.929852426052094
AMP_941 1 0.920245468616486
AMP_942 1 0.937511146068573
AMP_943 1 0.933331370353699
AMP_944 1 0.934574484825134
AMP_945 1 0.934574484825134
AMP_946 1 0.847185134887695
AMP_947 1 0.949239075183868
AMP_948 1 0.953636825084686
AMP_949 1 0.953894555568695
AMP_950 1 0.956054091453552
AMP_951 1 0.86374431848526
AMP_952 1 0.855436444282532
AMP_953 1 0.837314605712891
AMP_954 1 0.94920814037323
AMP_955 1 0.791224181652069
AMP_956 1 0.842858672142029
AMP_957 1 0.877464413642883
AMP_958 1 0.628887414932251
AMP_959 0 0.00775517337024212
AMP_960 0 0.00887430738657713
AMP_961 1 0.965093374252319
AMP_962 1 0.945929646492004
AMP_963 1 0.858543574810028
AMP_964 1 0.951138973236084
AMP_965 1 0.922971665859222
AMP_966 1 0.853343486785889
AMP_967 1 0.871700525283813
AMP_968 1 0.925993323326111
AMP_969 1 0.904129266738892
AMP_970 1 0.8919517993927
AMP_971 1 0.742115616798401
AMP_972 1 0.87317281961441
AMP_973 1 0.789781272411346
AMP_974 1 0.912621915340424
AMP_975 1 0.88827258348465
AMP_976 1 0.85515308380127
AMP_977 1 0.803999245166779
AMP_978 1 0.827385604381561
AMP_979 1 0.942005693912506
AMP_980 1 0.90052205324173
AMP_981 1 0.935496747493744
AMP_982 0 0.409561395645142
AMP_983 1 0.864072024822235
AMP_984 1 0.837687849998474
AMP_985 1 0.832429945468903
AMP_986 1 0.915022611618042
AMP_987 1 0.890880107879639
AMP_988 1 0.994800925254822
AMP_989 1 0.825492918491364
AMP_990 1 0.931888937950134
AMP_991 1 0.904129266738892
AMP_992 1 0.687509894371033
AMP_993 1 0.7082799077034
AMP_994 1 0.904560685157776
AMP_995 1 0.885317265987396
AMP_996 1 0.882400214672089
AMP_997 1 0.895142793655396
AMP_998 1 0.896786689758301
AMP_999 1 0.893508851528168
AMP_1000 1 0.821775197982788
