AC_1 1 0.953333
AC_2 1 0.591667
AC_3 1 0.956667
AC_4 1 0.802500
AC_5 1 0.870000
AC_6 1 0.883333
AC_7 1 0.635833
AC_9 1 0.957500
AC_10 1 0.945000
AC_11 1 0.900000
AC_12 1 0.970000
AC_13 1 0.983333
AC_14 1 0.982500
AC_15 1 0.962500
AC_16 1 0.917500
AC_17 1 0.965000
AC_18 1 0.977500
AC_20 1 0.977500
AC_21 1 0.980000
AC_22 1 0.979167
AC_23 1 0.990833
AC_24 1 0.989167
AC_25 1 0.989167
AC_26 1 0.977500
AC_27 1 0.983333
AC_28 1 0.981667
AC_29 1 0.963333
AC_30 1 0.983333
AC_31 1 0.985833
AC_32 1 0.987500
AC_33 1 0.985000
AC_34 1 0.965000
AC_35 1 0.983333
AC_36 1 0.985833
AC_37 1 0.985000
AC_38 1 0.987500
AC_39 1 0.951667
AC_40 1 0.957500
AC_41 1 0.991667
AC_42 1 0.961667
AC_43 1 0.961667
AC_44 1 0.990833
AC_45 1 0.991667
AC_46 1 0.990000
AC_47 1 0.978333
AC_48 1 0.988333
AC_49 1 0.970833
AC_50 1 0.981667
AC_51 1 0.982500
AC_52 1 0.903333
AC_53 1 0.919167
AC_54 1 0.919167
AC_55 1 0.972500
AC_56 1 0.875000
AC_57 1 0.922500
AC_58 1 0.915000
AC_59 1 0.931667
AC_60 1 0.888333
AC_61 1 0.984167
AC_62 1 0.736667
AC_63 1 0.968333
AC_64 1 0.947500
AC_65 1 0.937500
AC_67 1 0.890833
AC_68 1 0.859167
AC_69 1 0.816667
AC_70 1 0.865000
AC_71 1 0.893333
AC_72 1 0.910000
AC_73 1 0.914167
AC_74 1 0.947500
AC_75 1 0.951667
AC_76 1 0.881667
AC_77 1 0.867500
AC_78 1 0.913333
AC_79 1 0.880000
AC_80 1 0.907500
AC_81 1 0.827500
AC_82 1 0.908333
AC_83 1 0.958333
AC_84 1 0.811667
AC_85 1 0.958333
AC_86 1 0.833333
AC_87 1 0.763333
AC_88 1 0.873333
AC_89 1 0.856667
AC_90 1 0.861667
AC_91 1 0.842500
AC_92 1 0.828333
AC_93 1 0.779167
AC_94 1 0.530000
AC_95 1 0.882500
AC_96 1 0.584167
AC_97 1 0.630833
AC_98 1 0.822500
AC_99 1 0.780833
AC_100 1 0.520000
AC_101 1 0.588333
AC_102 1 0.847500
AC_103 1 0.868333
AC_104 1 0.890000
AC_105 1 0.935000
AC_106 1 0.703333
AC_107 1 0.750833
AC_108 1 0.714167
AC_109 1 0.888333
AC_110 1 0.975833
AC_111 1 0.937500
AC_112 1 0.920833
AC_113 1 0.942500
AC_114 1 0.966667
AC_115 1 0.944167
AC_116 1 0.990833
AC_117 1 0.916667
AC_118 1 0.966667
AC_119 1 0.989167
AC_120 1 0.975000
AC_121 1 0.989167
AC_122 1 0.991667
AC_123 1 0.974167
AC_124 1 0.985000
AC_125 1 0.910000
AC_126 1 0.901667
AC_127 1 0.893333
AC_128 1 0.943333
AC_129 1 0.872500
AC_130 1 0.872500
AC_131 1 0.888333
AC_132 1 0.885000
AC_133 1 0.533333
AC_137 1 0.520000
AC_139 1 0.704167
AC_140 1 0.748333
AC_141 1 0.640000
AC_142 1 0.721667
AC_143 1 0.937500
AC_145 1 0.575833
AC_146 1 0.718333
AC_147 1 0.587500
AC_148 1 0.756667
AC_149 1 0.835000
NAC_5 1 0.760000
NAC_9 1 0.516667
NAC_10 1 0.812500
NAC_11 1 0.665833
NAC_13 1 0.560000
NAC_15 1 0.650000
NAC_21 1 0.685000
NAC_22 0 0.360000
NAC_25 1 0.669167
NAC_27 1 0.710000
NAC_30 1 0.535000
NAC_45 1 0.670000
NAC_48 1 0.782500
NAC_57 1 0.654167
NAC_60 1 0.752500
NAC_64 1 0.660000
NAC_69 1 0.795000
NAC_70 1 0.744167
NAC_71 1 0.882500
NAC_73 1 0.736667
NAC_74 1 0.705000
NAC_75 1 0.650000
NAC_76 1 0.516667
NAC_78 1 0.594167
NAC_79 0 0.454167
NAC_8212 0 0.493333
NAC_84 1 0.560833
NAC_87 0 0.365000
NAC_89 1 0.745000
NAC_91 1 0.825000
NAC_92 1 0.805833
NAC_93 1 0.840000
NAC_94 1 0.735833
NAC_95 1 0.770833
NAC_96 1 0.800833
NAC_98 1 0.735000
NAC_99 1 0.582500
NAC_100 0 0.440000
NAC_101 1 0.897500
NAC_102 1 0.734167
NAC_103 1 0.858333
NAC_104 1 0.849167
NAC_106 1 0.600000
NAC_108 1 0.706667
NAC_110 1 0.695833
NAC_111 0 0.383333
NAC_112 1 0.808333
NAC_114 1 0.654167
NAC_115 1 0.640833
NAC_122 1 0.645000
NAC_123 1 0.813333
NAC_133 1 0.575833
NAC_146 1 0.636667
AC_8 -1 -1.000000
AC_19 -1 -1.000000
AC_66 -1 -1.000000
AC_134 -1 -1.000000
AC_135 -1 -1.000000
AC_136 -1 -1.000000
AC_138 -1 -1.000000
AC_144 -1 -1.000000
AC_150 -1 -1.000000
NAC_1 -1 -1.000000
NAC_2 -1 -1.000000
NAC_3 -1 -1.000000
NAC_4 -1 -1.000000
NAC_6 -1 -1.000000
NAC_7 -1 -1.000000
NAC_8 -1 -1.000000
NAC_12 -1 -1.000000
NAC_14 -1 -1.000000
NAC_16 -1 -1.000000
NAC_17 -1 -1.000000
NAC_18 -1 -1.000000
NAC_19 -1 -1.000000
NAC_209 -1 -1.000000
NAC_23 -1 -1.000000
NAC_24 -1 -1.000000
NAC_26 -1 -1.000000
NAC_28 -1 -1.000000
NAC_29 -1 -1.000000
NAC_31 -1 -1.000000
NAC_32 -1 -1.000000
NAC_33 -1 -1.000000
NAC_34 -1 -1.000000
NAC_35 -1 -1.000000
NAC_36 -1 -1.000000
NAC_37 -1 -1.000000
NAC_38 -1 -1.000000
NAC_39 -1 -1.000000
NAC_40 -1 -1.000000
NAC_41 -1 -1.000000
NAC_42 -1 -1.000000
NAC_43 -1 -1.000000
NAC_44 -1 -1.000000
NAC_46 -1 -1.000000
NAC_47 -1 -1.000000
NAC_49 -1 -1.000000
NAC_50 -1 -1.000000
NAC_51 -1 -1.000000
NAC_52 -1 -1.000000
NAC_53 -1 -1.000000
NAC_54 -1 -1.000000
NAC_55 -1 -1.000000
NAC_56 -1 -1.000000
NAC_58 -1 -1.000000
NAC_59 -1 -1.000000
NAC_61 -1 -1.000000
NAC_62 -1 -1.000000
NAC_63 -1 -1.000000
NAC_65 -1 -1.000000
NAC_66 -1 -1.000000
NAC_67 -1 -1.000000
NAC_68 -1 -1.000000
NAC_72 -1 -1.000000
NAC_77 -1 -1.000000
NAC_80 -1 -1.000000
NAC_81 -1 -1.000000
NAC_83 -1 -1.000000
NAC_85 -1 -1.000000
NAC_86 -1 -1.000000
NAC_88 -1 -1.000000
NAC_90 -1 -1.000000
NAC_97 -1 -1.000000
NAC_105 -1 -1.000000
NAC_107 -1 -1.000000
NAC_109 -1 -1.000000
NAC_113 -1 -1.000000
NAC_116 -1 -1.000000
NAC_117 -1 -1.000000
NAC_118 -1 -1.000000
NAC_119 -1 -1.000000
NAC_120 -1 -1.000000
NAC_121 -1 -1.000000
NAC_124 -1 -1.000000
NAC_125 -1 -1.000000
NAC_126 -1 -1.000000
NAC_127 -1 -1.000000
NAC_128 -1 -1.000000
NAC_129 -1 -1.000000
NAC_130 -1 -1.000000
NAC_131 -1 -1.000000
NAC_132 -1 -1.000000
NAC_134 -1 -1.000000
NAC_135 -1 -1.000000
NAC_136 -1 -1.000000
NAC_137 -1 -1.000000
NAC_138 -1 -1.000000
NAC_139 -1 -1.000000
NAC_140 -1 -1.000000
NAC_141 -1 -1.000000
NAC_142 -1 -1.000000
NAC_143 -1 -1.000000
NAC_144 -1 -1.000000
NAC_145 -1 -1.000000
NAC_147 -1 -1.000000
NAC_148 -1 -1.000000
NAC_149 -1 -1.000000
NAC_150 -1 -1.000000
