seq_name,class,AMP_probablity
uniprot_nonamp_1,0,9.73735191524987e-25
uniprot_nonamp_2,0,4.09675095625062e-07
uniprot_nonamp_3,0,2.88850664910407e-26
uniprot_nonamp_4,0,7.12489770691284e-17
uniprot_nonamp_5,0,4.82774341337144e-11
uniprot_nonamp_6,0,0.000699193857144564
uniprot_nonamp_7,0,1.25694299413226e-07
uniprot_nonamp_8,0,7.26078526807219e-20
uniprot_nonamp_9,0,3.52048174581687e-16
uniprot_nonamp_10,0,5.2232583153968e-16
uniprot_nonamp_11,0,1.45910410933974e-23
uniprot_nonamp_12,0,5.82809966143827e-16
uniprot_nonamp_13,0,3.79460384216323e-15
uniprot_nonamp_14,0,1.01282773010863e-20
uniprot_nonamp_15,0,1.22790277945484e-10
uniprot_nonamp_16,0,1.75788898005126e-15
uniprot_nonamp_17,0,7.18513498435242e-17
uniprot_nonamp_18,0,9.12374662065217e-22
uniprot_nonamp_19,0,0.000100721212220378
uniprot_nonamp_20,0,1.14307458769721e-20
uniprot_nonamp_21,0,5.3933923299665e-12
uniprot_nonamp_22,0,1.22253275762342e-21
uniprot_nonamp_23,0,6.23832079327258e-08
uniprot_nonamp_24,0,0.00480615021660924
uniprot_nonamp_25,0,1.05092965579923e-11
uniprot_nonamp_26,0,1.33208743773401e-22
uniprot_nonamp_27,0,8.32506914967557e-13
uniprot_nonamp_28,0,5.06871877803405e-09
uniprot_nonamp_29,0,9.46427351341133e-23
uniprot_nonamp_30,0,1.01415776221661e-20
uniprot_nonamp_31,0,1.44889419906313e-10
uniprot_nonamp_32,0,6.1580789179061e-07
uniprot_nonamp_33,0,4.20093584807546e-07
uniprot_nonamp_34,0,1.21484768723706e-14
uniprot_nonamp_35,0,4.47467819135868e-18
uniprot_nonamp_36,0,1.38450873677969e-20
uniprot_nonamp_37,0,5.565512634087e-11
uniprot_nonamp_38,0,1.07066133736566e-09
uniprot_nonamp_39,0,6.24121849788544e-25
uniprot_nonamp_40,0,2.21529676655736e-13
uniprot_nonamp_41,0,3.21418679703495e-14
uniprot_nonamp_42,0,1.37613130846148e-06
uniprot_nonamp_43,0,2.47588506125815e-21
uniprot_nonamp_44,0,2.67012807197472e-26
uniprot_nonamp_45,0,7.74202575377083e-26
uniprot_nonamp_46,0,3.72325150096584e-24
uniprot_nonamp_47,0,6.9462392677467e-18
uniprot_nonamp_48,0,3.83084342026052e-10
uniprot_nonamp_49,0,2.52400781164397e-07
uniprot_nonamp_50,0,2.69885293792473e-18
uniprot_nonamp_51,0,1.21082739497069e-05
uniprot_nonamp_52,0,4.44182806990734e-15
uniprot_nonamp_53,0,3.53567815216532e-15
uniprot_nonamp_54,0,3.32261697622016e-05
uniprot_nonamp_55,0,3.22472777647409e-12
uniprot_nonamp_56,0,1.48790548444033e-30
uniprot_nonamp_57,0,2.76673432582176e-19
uniprot_nonamp_58,0,3.7091841076977e-19
uniprot_nonamp_59,0,2.22774365856732e-26
uniprot_nonamp_60,0,4.27848638214941e-20
uniprot_nonamp_61,0,6.50570433092148e-25
uniprot_nonamp_62,0,7.53243530103673e-15
uniprot_nonamp_63,0,3.7684063869392e-08
uniprot_nonamp_64,0,4.73610790017303e-19
uniprot_nonamp_65,0,7.48437041644479e-16
uniprot_nonamp_66,0,0.000888432434294373
uniprot_nonamp_67,0,5.80236097714917e-18
uniprot_nonamp_68,0,9.07603316591121e-06
uniprot_nonamp_69,0,1.76565464471423e-07
uniprot_nonamp_70,0,0.00729160709306598
uniprot_nonamp_71,0,1.72862033062224e-18
uniprot_nonamp_72,0,1.94512741133248e-18
uniprot_nonamp_73,0,9.87960602216731e-10
uniprot_nonamp_74,0,7.57305364606904e-24
uniprot_nonamp_75,0,5.6855206171302e-15
uniprot_nonamp_76,0,0.00659314030781388
uniprot_nonamp_77,0,1.98602350565125e-07
uniprot_nonamp_78,0,9.56623283877805e-23
uniprot_nonamp_79,0,2.36255345750698e-19
uniprot_nonamp_80,0,4.07176838945266e-19
uniprot_nonamp_81,0,5.53982180224663e-14
uniprot_nonamp_82,0,3.47369452439907e-18
uniprot_nonamp_83,0,4.52343681446327e-14
uniprot_nonamp_84,0,7.80704479059074e-31
uniprot_nonamp_85,0,3.72685349248059e-09
uniprot_nonamp_86,0,2.22498741639702e-15
uniprot_nonamp_87,0,3.25343698648339e-08
uniprot_nonamp_88,0,1.90857658219418e-24
uniprot_nonamp_89,0,3.32217609051089e-20
uniprot_nonamp_90,0,1.25142811411472e-22
uniprot_nonamp_91,0,6.97511127940781e-23
uniprot_nonamp_92,0,1.62911775471692e-27
uniprot_nonamp_93,0,0.152615323662758
uniprot_nonamp_94,0,0.000375276489648968
uniprot_nonamp_95,0,2.55888774857677e-20
uniprot_nonamp_96,0,1.23562135555693e-16
uniprot_nonamp_97,0,5.34144991236617e-26
uniprot_nonamp_98,0,7.70957973498411e-18
uniprot_nonamp_99,0,1.00666705776043e-23
uniprot_nonamp_100,0,6.5895928713644e-09
uniprot_nonamp_101,0,1.01736448495177e-23
uniprot_nonamp_102,0,4.89143781699113e-15
uniprot_nonamp_103,0,1.31002153569426e-09
uniprot_nonamp_104,0,4.11828476052159e-13
uniprot_nonamp_105,0,8.1793307965801e-26
uniprot_nonamp_106,0,2.99079020510337e-18
uniprot_nonamp_107,0,1.07915280878057e-10
uniprot_nonamp_108,0,1.37178806876036e-25
uniprot_nonamp_109,0,2.10249904470534e-21
uniprot_nonamp_110,0,0.000237825443036854
uniprot_nonamp_111,0,3.55447264155373e-06
uniprot_nonamp_112,0,1.10628677945446e-23
uniprot_nonamp_113,0,2.17158221960112e-10
uniprot_nonamp_114,0,8.44353172875313e-21
uniprot_nonamp_115,0,3.78445374047716e-16
uniprot_nonamp_116,0,4.42898937080827e-07
uniprot_nonamp_117,0,1.49887745467135e-30
uniprot_nonamp_118,0,8.11761682179002e-14
uniprot_nonamp_119,0,4.80885053999458e-10
uniprot_nonamp_120,0,0.000816338579170406
uniprot_nonamp_121,0,6.82788794360345e-25
uniprot_nonamp_122,0,3.84076409565282e-10
uniprot_nonamp_123,0,5.85011411714303e-21
uniprot_nonamp_124,0,4.64069124326597e-21
uniprot_nonamp_125,0,3.73360347610602e-25
uniprot_nonamp_126,0,2.53605942159551e-21
uniprot_nonamp_127,0,5.96713154352147e-15
uniprot_nonamp_128,0,2.06664407809143e-10
uniprot_nonamp_129,0,1.69357930457359e-11
uniprot_nonamp_130,0,7.0924758850243e-14
uniprot_nonamp_131,0,2.80394194375016e-20
uniprot_nonamp_132,0,2.7867559182822e-25
uniprot_nonamp_133,0,3.42841079333496e-24
uniprot_nonamp_134,0,1.94110016948912e-09
uniprot_nonamp_135,0,4.54241356329835e-22
uniprot_nonamp_136,0,0.00245309341698885
uniprot_nonamp_137,0,2.81437349483973e-24
uniprot_nonamp_138,0,3.19706435804312e-12
uniprot_nonamp_139,0,1.0304289484538e-24
uniprot_nonamp_140,0,3.18701065971788e-13
uniprot_nonamp_141,0,2.80597029986285e-12
uniprot_nonamp_142,0,7.98865751665069e-21
uniprot_nonamp_143,0,1.50807185885166e-14
uniprot_nonamp_144,0,4.28375668271030e-11
uniprot_nonamp_145,0,7.41045826847612e-21
uniprot_nonamp_146,0,0.0816103965044022
uniprot_nonamp_147,0,8.0819066716753e-12
uniprot_nonamp_148,0,1.39037761957646e-21
uniprot_nonamp_149,0,4.03054244710668e-13
uniprot_nonamp_150,0,2.84316580695387e-11
uniprot_nonamp_151,0,5.8469579235666e-17
uniprot_nonamp_152,0,1.10651505319526e-11
uniprot_nonamp_153,0,1.59738392198562e-25
uniprot_nonamp_154,0,5.97603107168181e-25
uniprot_nonamp_155,0,6.39331119600683e-06
uniprot_nonamp_156,0,1.75980972016987e-07
uniprot_nonamp_157,0,1.83472976713083e-19
uniprot_nonamp_158,0,4.07111699810725e-26
uniprot_nonamp_159,0,4.12169381958094e-10
uniprot_nonamp_160,0,1.34833415429478e-23
uniprot_nonamp_161,0,4.88566525684991e-19
uniprot_nonamp_162,0,7.68642801592626e-21
uniprot_nonamp_163,0,7.88597936951518e-11
uniprot_nonamp_164,0,4.39848923211438e-17
uniprot_nonamp_165,0,2.62171848900566e-13
uniprot_nonamp_166,0,8.33502766806049e-10
uniprot_nonamp_167,0,2.52944198919636e-09
uniprot_nonamp_168,0,2.84643897265503e-14
uniprot_nonamp_169,0,3.02204000297107e-19
uniprot_nonamp_170,0,0.0235118120908737
uniprot_nonamp_171,1,0.568882346153259
uniprot_nonamp_172,0,2.01136312466543e-11
uniprot_nonamp_173,0,3.42681720673366e-12
uniprot_nonamp_174,0,2.34612045998333e-17
uniprot_nonamp_175,0,1.21448695284548e-13
uniprot_nonamp_176,0,1.50569672285883e-08
uniprot_nonamp_177,0,4.14508394038386e-18
uniprot_nonamp_178,0,3.99371407588851e-19
uniprot_nonamp_179,0,1.52144385978659e-09
uniprot_nonamp_180,0,4.30607366337162e-21
uniprot_nonamp_181,0,3.27724365657353e-14
uniprot_nonamp_182,0,3.47265016742426e-09
uniprot_nonamp_183,0,2.70651941424734e-21
uniprot_nonamp_184,0,0.0234404392540455
uniprot_nonamp_185,0,1.53825022164433e-10
uniprot_nonamp_186,0,1.67944325480278e-24
uniprot_nonamp_187,0,2.18691594671346e-25
uniprot_nonamp_188,0,2.4709107545245e-30
uniprot_nonamp_189,0,1.45559324142563e-12
uniprot_nonamp_190,0,3.03787101445718e-29
uniprot_nonamp_191,0,7.98373273513055e-26
uniprot_nonamp_192,0,2.4661796461179e-18
uniprot_nonamp_193,0,1.31110184673089e-27
uniprot_nonamp_194,0,2.0171181050221e-26
uniprot_nonamp_195,0,1.67637817519859e-23
uniprot_nonamp_196,0,3.4696196138384e-08
uniprot_nonamp_197,0,1.50623902679195e-20
uniprot_nonamp_198,0,1.07189893422334e-14
uniprot_nonamp_199,0,1.53043980861438e-17
uniprot_nonamp_200,0,1.71751484562277e-11
uniprot_nonamp_201,0,5.01525418417081e-11
uniprot_nonamp_202,0,3.04445215704163e-08
uniprot_nonamp_203,0,1.19623564699858e-16
uniprot_nonamp_204,0,1.02717647888588e-22
uniprot_nonamp_205,0,8.1144798969035e-06
uniprot_nonamp_206,0,1.53022554627569e-07
uniprot_nonamp_207,0,4.37034568893913e-15
uniprot_nonamp_208,0,3.23430633386579e-08
uniprot_nonamp_209,0,1.12735439039557e-10
uniprot_nonamp_210,0,4.39534076812009e-30
uniprot_nonamp_211,0,4.85211208742583e-23
uniprot_nonamp_212,0,3.95586558302186e-13
uniprot_nonamp_213,0,4.37932971545985e-20
uniprot_nonamp_214,0,1.52121018004436e-07
uniprot_nonamp_215,0,1.45621513979177e-12
uniprot_nonamp_216,0,1.32846910555484e-11
uniprot_nonamp_217,0,9.41378641547718e-24
uniprot_nonamp_218,0,2.11152209411496e-24
uniprot_nonamp_219,0,6.47883326329932e-25
uniprot_nonamp_220,0,2.57528969937332e-13
uniprot_nonamp_221,0,1.26822522949086e-28
uniprot_nonamp_222,0,9.40133882148152e-23
uniprot_nonamp_223,0,1.16871103728045e-06
uniprot_nonamp_224,0,3.68149741802881e-08
uniprot_nonamp_225,0,3.19433641050946e-14
uniprot_nonamp_226,0,1.14612199324044e-28
uniprot_nonamp_227,0,3.60269533133007e-20
uniprot_nonamp_228,0,4.04706791089168e-27
uniprot_nonamp_229,0,8.43995220933813e-11
uniprot_nonamp_230,0,8.01427904661978e-06
uniprot_nonamp_231,0,1.74896763383003e-06
uniprot_nonamp_232,0,3.91868508491665e-24
uniprot_nonamp_233,0,0.00238820211961865
uniprot_nonamp_234,0,3.9013113450892e-07
uniprot_nonamp_235,0,6.18047388441234e-13
uniprot_nonamp_236,0,1.64401281477211e-09
uniprot_nonamp_237,0,2.87969518023012e-14
uniprot_nonamp_238,0,1.64083649897339e-20
uniprot_nonamp_239,0,8.42013974361569e-23
uniprot_nonamp_240,0,1.04927480037986e-08
uniprot_nonamp_241,0,5.15576970006038e-10
uniprot_nonamp_242,1,0.972096800804138
uniprot_nonamp_243,0,5.03981088098705e-19
uniprot_nonamp_244,0,8.78081209521042e-06
uniprot_nonamp_245,0,4.23315430357119e-15
uniprot_nonamp_246,0,4.30461303537952e-13
uniprot_nonamp_247,0,4.11456323656453e-13
uniprot_nonamp_248,0,5.96051873744992e-20
uniprot_nonamp_249,0,1.68295189579834e-16
uniprot_nonamp_250,0,3.97660064993274e-17
uniprot_nonamp_251,0,3.50985694703568e-26
uniprot_nonamp_252,0,3.66685987129856e-11
uniprot_nonamp_253,0,0.000338312442181632
uniprot_nonamp_254,0,9.91405771727424e-21
uniprot_nonamp_255,0,1.13886452351997e-11
uniprot_nonamp_256,0,1.51553763091668e-25
uniprot_nonamp_257,0,3.48731555481778e-26
uniprot_nonamp_258,0,0.0012289744336158
uniprot_nonamp_259,0,1.9059369984624e-15
uniprot_nonamp_260,0,3.58910565859462e-18
uniprot_nonamp_261,0,2.22006180800038e-11
uniprot_nonamp_262,0,5.1910575447553e-13
uniprot_nonamp_263,0,8.88340367446089e-23
uniprot_nonamp_264,0,9.24781602407165e-07
uniprot_nonamp_265,0,1.1007720342876e-12
uniprot_nonamp_266,0,7.99226622778227e-18
uniprot_nonamp_267,0,8.94211149571333e-10
uniprot_nonamp_268,0,5.09968800398793e-18
uniprot_nonamp_269,0,9.30853093450423e-06
uniprot_nonamp_270,0,1.75369567756434e-08
uniprot_nonamp_271,0,2.4476031987867e-26
uniprot_nonamp_272,0,3.26661440952503e-11
uniprot_nonamp_273,0,2.21747331283077e-21
uniprot_nonamp_274,0,6.81124878720851e-11
uniprot_nonamp_275,0,4.20529047912747e-24
uniprot_nonamp_276,0,1.04193617289638e-07
uniprot_nonamp_277,0,0.00726271560415626
uniprot_nonamp_278,0,7.72091508722629e-17
uniprot_nonamp_279,0,1.37173307046043e-29
uniprot_nonamp_280,0,1.06237807440124e-09
uniprot_nonamp_281,0,0.288212895393372
uniprot_nonamp_282,0,4.7886983267631e-09
uniprot_nonamp_283,0,1.74233717731287e-11
uniprot_nonamp_284,0,7.87660443201173e-21
uniprot_nonamp_285,0,2.56643417628766e-09
uniprot_nonamp_286,0,0.0175425466150045
uniprot_nonamp_287,0,1.7880793166114e-05
uniprot_nonamp_288,0,3.20377242106934e-16
uniprot_nonamp_289,0,8.43546616715582e-25
uniprot_nonamp_290,0,4.26726959323886e-10
uniprot_nonamp_291,0,5.28138116196579e-24
uniprot_nonamp_292,0,6.67761526596995e-24
uniprot_nonamp_293,0,1.4412350978453e-13
uniprot_nonamp_294,0,2.19252038213969e-18
uniprot_nonamp_295,0,1.31063119760073e-28
uniprot_nonamp_296,0,6.69246052380095e-23
uniprot_nonamp_297,0,8.41445940702457e-11
uniprot_nonamp_298,0,4.89158185229684e-17
uniprot_nonamp_299,0,1.4161415720082e-06
uniprot_nonamp_300,0,0.00095175631577149
uniprot_nonamp_301,0,2.74589594013154e-18
uniprot_nonamp_302,0,5.71688217598787e-11
uniprot_nonamp_303,0,3.25481169793918e-10
uniprot_nonamp_304,0,1.42241395799467e-16
uniprot_nonamp_305,0,9.37327133770059e-14
uniprot_nonamp_306,0,3.56849256588398e-17
uniprot_nonamp_307,0,4.42359700920667e-16
uniprot_nonamp_308,0,7.92464553102516e-21
uniprot_nonamp_309,0,2.05105030182118e-10
uniprot_nonamp_310,0,7.41328713452292e-28
uniprot_nonamp_311,0,1.07728296769305e-11
uniprot_nonamp_312,0,1.06918326189115e-14
uniprot_nonamp_313,0,0.00248737679794431
uniprot_nonamp_314,0,7.26858488633297e-05
uniprot_nonamp_315,0,6.71247182278462e-18
uniprot_nonamp_316,0,7.2998141193906e-25
uniprot_nonamp_317,0,6.97395007591695e-05
uniprot_nonamp_318,0,5.80750829370924e-11
uniprot_nonamp_319,0,1.4180174033863e-35
uniprot_nonamp_320,0,4.47843483211059e-18
uniprot_nonamp_321,0,9.22618456370731e-23
uniprot_nonamp_322,0,8.81663765521255e-28
uniprot_nonamp_323,0,0.240186125040054
uniprot_nonamp_324,0,1.33846676528574e-19
uniprot_nonamp_325,0,1.69225337635037e-17
uniprot_nonamp_326,0,0.00467798672616482
uniprot_nonamp_327,0,6.73381529457971e-24
uniprot_nonamp_328,0,9.21911083308054e-16
uniprot_nonamp_329,0,2.80768026964797e-14
uniprot_nonamp_330,0,4.24685900218147e-20
uniprot_nonamp_331,0,2.09368346587787e-17
uniprot_nonamp_332,0,3.03844765556196e-31
uniprot_nonamp_333,0,6.30631964038147e-16
uniprot_nonamp_334,0,1.13242248762327e-15
uniprot_nonamp_335,0,2.15745326775419e-15
uniprot_nonamp_336,0,3.01750162634562e-07
uniprot_nonamp_337,0,3.38281453969081e-15
uniprot_nonamp_338,0,6.84162837494284e-10
uniprot_nonamp_339,0,3.69352456581453e-27
uniprot_nonamp_340,0,3.73651780636338e-21
uniprot_nonamp_341,0,1.25099902659187e-10
uniprot_nonamp_342,0,8.10517486460327e-11
uniprot_nonamp_343,0,1.06058334982679e-22
uniprot_nonamp_344,0,2.47660253416271e-10
uniprot_nonamp_345,0,1.49084859041304e-11
uniprot_nonamp_346,0,0.000188442980288528
uniprot_nonamp_347,0,4.21014023820059e-23
uniprot_nonamp_348,0,5.66388597952412e-18
uniprot_nonamp_349,0,3.52151329135669e-25
uniprot_nonamp_350,0,2.09170572335537e-15
uniprot_nonamp_351,0,1.49267853802249e-18
uniprot_nonamp_352,0,3.42530448449452e-10
uniprot_nonamp_353,0,1.1102938478292e-17
uniprot_nonamp_354,0,1.16278713727159e-26
uniprot_nonamp_355,0,1.05649988757506e-09
uniprot_nonamp_356,0,3.19024169061211e-12
uniprot_nonamp_357,0,2.03941093826213e-24
uniprot_nonamp_358,0,3.17528451722841e-19
uniprot_nonamp_359,0,8.24650355935717e-33
uniprot_nonamp_360,0,2.22981522135512e-10
uniprot_nonamp_361,0,1.53098511651443e-14
uniprot_nonamp_362,0,9.72069665294839e-06
uniprot_nonamp_363,0,0.00381722557358444
uniprot_nonamp_364,0,1.27327252530737e-19
uniprot_nonamp_365,0,1.014124561779e-13
uniprot_nonamp_366,0,2.33990127621042e-12
uniprot_nonamp_367,0,2.3239020539805e-20
uniprot_nonamp_368,0,9.27848890147425e-16
uniprot_nonamp_369,0,9.2577715343756e-16
uniprot_nonamp_370,0,5.50958454206829e-12
uniprot_nonamp_371,0,9.71231095547864e-10
uniprot_nonamp_372,0,3.73280736235621e-17
uniprot_nonamp_373,0,1.75885895188988e-18
uniprot_nonamp_374,0,3.44019123468712e-30
uniprot_nonamp_375,0,4.66619386274521e-16
uniprot_nonamp_376,0,2.9967841109183e-19
uniprot_nonamp_377,0,1.9383350177325e-18
uniprot_nonamp_378,0,7.05435623110651e-12
uniprot_nonamp_379,0,4.83767674170802e-16
uniprot_nonamp_380,0,0
uniprot_nonamp_381,0,0.000406754552386701
uniprot_nonamp_382,0,5.24373790286e-25
uniprot_nonamp_383,0,3.49476074664927e-18
uniprot_nonamp_384,0,3.06107271691794e-14
uniprot_nonamp_385,0,4.84596093883738e-05
uniprot_nonamp_386,0,8.62431327947281e-18
uniprot_nonamp_387,0,4.92972149598043e-17
uniprot_nonamp_388,0,9.21698071275233e-28
uniprot_nonamp_389,0,8.86889507696826e-19
uniprot_nonamp_390,0,0.0119557296857238
uniprot_nonamp_391,0,5.38062074895151e-08
uniprot_nonamp_392,0,4.57201661006316e-23
uniprot_nonamp_393,0,8.18903378054728e-20
uniprot_nonamp_394,0,2.42865108054673e-24
uniprot_nonamp_395,0,1.60479292320718e-17
uniprot_nonamp_396,0,5.90135605307296e-05
uniprot_nonamp_397,0,1.71932325147839e-12
uniprot_nonamp_398,0,6.7496926021704e-06
uniprot_nonamp_399,0,1.53379887534463e-19
uniprot_nonamp_400,0,1.04421354375772e-12
uniprot_nonamp_401,0,2.49699658905645e-15
uniprot_nonamp_402,1,0.999999165534973
uniprot_nonamp_403,0,1.00332634644928e-07
uniprot_nonamp_404,0,1.25786947895021e-23
uniprot_nonamp_405,0,1.21131501721653e-17
uniprot_nonamp_406,0,3.38159805479477e-17
uniprot_nonamp_407,0,1.08875156001886e-07
uniprot_nonamp_408,0,7.93475441601688e-12
uniprot_nonamp_409,0,3.27189698972671e-18
uniprot_nonamp_410,0,1.71736692612937e-19
uniprot_nonamp_411,0,1.43006137924253e-19
uniprot_nonamp_412,0,0.134999200701714
uniprot_nonamp_413,0,2.16825622794257e-20
uniprot_nonamp_414,0,1.06636408839929e-30
uniprot_nonamp_415,0,3.81713269933387e-13
uniprot_nonamp_416,0,1.10676891262873e-10
uniprot_nonamp_417,0,5.19139737622904e-23
uniprot_nonamp_418,0,1.10138525903636e-12
uniprot_nonamp_419,0,8.91182364449322e-13
uniprot_nonamp_420,0,3.42374022466174e-08
uniprot_nonamp_421,0,2.37196195485012e-06
uniprot_nonamp_422,0,1.64777942409677e-21
uniprot_nonamp_423,0,6.67722472630555e-19
uniprot_nonamp_424,0,2.29412391861139e-11
uniprot_nonamp_425,0,5.49761374285034e-17
uniprot_nonamp_426,0,9.2888661138693e-16
uniprot_nonamp_427,0,5.35719635319509e-10
uniprot_nonamp_428,0,0.00931754987686872
uniprot_nonamp_429,0,3.54762545893192e-20
uniprot_nonamp_430,0,1.01782231799155e-16
uniprot_nonamp_431,0,0.00595677504315972
uniprot_nonamp_432,0,2.83847623730798e-28
uniprot_nonamp_433,0,0.00188321270979941
uniprot_nonamp_434,0,4.50457076492578e-15
uniprot_nonamp_435,0,6.14904711149536e-27
uniprot_nonamp_436,0,0.0258421432226896
uniprot_nonamp_437,0,2.41780980815825e-15
uniprot_nonamp_438,0,0.0125550841912627
uniprot_nonamp_439,0,0.102824918925762
uniprot_nonamp_440,0,2.0481602525102e-11
uniprot_nonamp_441,0,1.39158500803323e-13
uniprot_nonamp_442,0,4.72278254576449e-16
uniprot_nonamp_443,0,6.13525766524677e-31
uniprot_nonamp_444,0,1.06155505257477e-14
uniprot_nonamp_445,0,2.76934590601539e-24
uniprot_nonamp_446,0,1.27916099309795e-15
uniprot_nonamp_447,0,1.05354183688178e-05
uniprot_nonamp_448,0,1.61241527942002e-12
uniprot_nonamp_449,0,6.19079407452651e-29
uniprot_nonamp_450,0,4.72171536895424e-14
uniprot_nonamp_451,0,0.00244809850119054
uniprot_nonamp_452,0,0.00609504897147417
uniprot_nonamp_453,0,1.20158010759042e-05
uniprot_nonamp_454,0,2.67138100495934e-26
uniprot_nonamp_455,0,1.73019087405088e-25
uniprot_nonamp_456,0,1.21097793251423e-13
uniprot_nonamp_457,0,1.05722119526525e-17
uniprot_nonamp_458,0,3.63236623002194e-08
uniprot_nonamp_459,0,0.0982461050152779
uniprot_nonamp_460,0,1.04036383674622e-10
uniprot_nonamp_461,0,1.12177117732124e-25
uniprot_nonamp_462,0,2.51175735603071e-22
uniprot_nonamp_463,0,8.58417820381874e-07
uniprot_nonamp_464,0,0.46955281496048
uniprot_nonamp_465,0,1.13385398292642e-10
uniprot_nonamp_466,0,3.8159112206492e-16
uniprot_nonamp_467,0,1.41774763260194e-19
uniprot_nonamp_468,0,5.29793027226333e-08
uniprot_nonamp_469,0,2.03450389868465e-09
uniprot_nonamp_470,0,6.23710262256091e-17
uniprot_nonamp_471,0,3.52000287713084e-21
uniprot_nonamp_472,0,2.94674571202358e-12
uniprot_nonamp_473,0,1.86253710812279e-17
uniprot_nonamp_474,0,3.3316928680818e-21
uniprot_nonamp_475,0,7.25043762635007e-19
uniprot_nonamp_476,0,0.00162087683565915
uniprot_nonamp_477,0,4.82826667715698e-19
uniprot_nonamp_478,0,1.06610749031057e-23
uniprot_nonamp_479,0,4.51202443463306e-12
uniprot_nonamp_480,0,1.03664843376094e-09
uniprot_nonamp_481,0,2.38948642375265e-30
uniprot_nonamp_482,0,1.06536134081292e-12
uniprot_nonamp_483,0,8.21073527988347e-29
uniprot_nonamp_484,0,2.38914776673482e-06
uniprot_nonamp_485,0,1.01585281402581e-29
uniprot_nonamp_486,0,7.86416179572591e-13
uniprot_nonamp_487,0,2.22574508370599e-05
uniprot_nonamp_488,0,1.04894604113781e-09
uniprot_nonamp_489,0,5.0421968683656e-11
uniprot_nonamp_490,0,1.01236205562235e-13
uniprot_nonamp_491,0,8.92187836143421e-06
uniprot_nonamp_492,0,1.27040266435409e-23
uniprot_nonamp_493,0,7.35180119689298e-23
uniprot_nonamp_494,0,1.37842889229647e-14
uniprot_nonamp_495,0,8.59672237367957e-14
uniprot_nonamp_496,0,8.84375651821756e-07
uniprot_nonamp_497,0,2.84203205999458e-19
uniprot_nonamp_498,0,1.24103780360773e-34
uniprot_nonamp_499,0,4.01513654621697e-16
uniprot_nonamp_500,0,6.36409738893945e-25
uniprot_nonamp_501,0,4.7203769781845e-09
uniprot_nonamp_502,0,1.84667058533705e-07
uniprot_nonamp_503,0,1.03907829895888e-07
uniprot_nonamp_504,0,5.9639205574058e-06
uniprot_nonamp_505,0,1.74614046366626e-14
uniprot_nonamp_506,0,6.47908027537027e-25
uniprot_nonamp_507,0,5.7435305487166e-29
uniprot_nonamp_508,0,1.72875149928586e-06
uniprot_nonamp_509,0,3.85817616862008e-27
uniprot_nonamp_510,0,1.33704025628845e-08
uniprot_nonamp_511,0,8.78216202319129e-21
uniprot_nonamp_512,0,6.32066697230091e-18
uniprot_nonamp_513,0,7.43257189128599e-09
uniprot_nonamp_514,0,1.38257180936486e-20
uniprot_nonamp_515,0,1.77295630672629e-20
uniprot_nonamp_516,0,4.87528073467303e-10
uniprot_nonamp_517,0,0.0165458898991346
uniprot_nonamp_518,0,8.00846057594438e-21
uniprot_nonamp_519,0,2.54673759229772e-25
uniprot_nonamp_520,0,2.96053219306781e-15
uniprot_nonamp_521,0,1.58285189399976e-08
uniprot_nonamp_522,0,4.77637733844791e-23
uniprot_nonamp_523,0,5.51286174498068e-24
uniprot_nonamp_524,0,2.34964921247648e-17
uniprot_nonamp_525,0,0.011556439101696
uniprot_nonamp_526,0,3.89320242710767e-11
uniprot_nonamp_527,0,8.24654336787842e-16
uniprot_nonamp_528,0,2.9695544650255e-25
uniprot_nonamp_529,0,6.28783336509287e-09
uniprot_nonamp_530,0,1.06092514329248e-07
uniprot_nonamp_531,0,2.70564595191017e-18
uniprot_nonamp_532,0,1.46145041043383e-29
uniprot_nonamp_533,0,6.29443275101949e-06
uniprot_nonamp_534,0,1.0343004175381e-16
uniprot_nonamp_535,0,1.22712181128276e-12
uniprot_nonamp_536,0,7.55867604292949e-14
uniprot_nonamp_537,0,3.72803042409942e-05
uniprot_nonamp_538,0,0.408774226903915
uniprot_nonamp_539,0,1.88592752953343e-20
uniprot_nonamp_540,0,1.10866187341307e-29
uniprot_nonamp_541,0,2.7582085948552e-08
uniprot_nonamp_542,0,1.04147390978989e-17
uniprot_nonamp_543,0,0.000411715969676152
uniprot_nonamp_544,0,1.90404465902942e-18
uniprot_nonamp_545,0,1.19173228085856e-06
uniprot_nonamp_546,0,8.08896569517992e-13
uniprot_nonamp_547,0,4.41474981571766e-11
uniprot_nonamp_548,0,1.19145584858168e-20
uniprot_nonamp_549,0,1.61502365978285e-14
uniprot_nonamp_550,0,9.42807573098079e-27
uniprot_nonamp_551,0,9.33772025746293e-06
uniprot_nonamp_552,0,4.96517990061047e-26
uniprot_nonamp_553,0,5.80250553287927e-29
uniprot_nonamp_554,0,1.08539525935008e-21
uniprot_nonamp_555,0,1.22334043002133e-20
uniprot_nonamp_556,0,1.44062232067963e-28
uniprot_nonamp_557,0,2.18314293001147e-15
uniprot_nonamp_558,0,0.0160538330674171
uniprot_nonamp_559,0,2.227368137791e-20
uniprot_nonamp_560,0,2.66453971543253e-20
uniprot_nonamp_561,0,1.49447100932932e-21
uniprot_nonamp_562,0,8.71809617067012e-31
uniprot_nonamp_563,0,2.89573391783123e-18
uniprot_nonamp_564,0,2.12503271762346e-24
uniprot_nonamp_565,0,2.11626434065693e-06
uniprot_nonamp_566,0,1.53437387960769e-17
uniprot_nonamp_567,0,1.28080755530391e-05
uniprot_nonamp_568,0,3.41538097955108e-18
uniprot_nonamp_569,0,9.33084621099097e-23
uniprot_nonamp_570,0,2.61511494718959e-29
uniprot_nonamp_571,0,3.20568321887649e-10
uniprot_nonamp_572,0,1.52764050653786e-06
uniprot_nonamp_573,0,9.59931321815866e-16
uniprot_nonamp_574,0,1.4665899788005e-12
uniprot_nonamp_575,0,1.01904633640171e-23
uniprot_nonamp_576,0,1.19817354066376e-21
uniprot_nonamp_577,0,1.81708811273487e-14
uniprot_nonamp_578,0,1.52613501995802e-05
uniprot_nonamp_579,0,9.39526912215397e-14
uniprot_nonamp_580,0,1.18180145842654e-26
uniprot_nonamp_581,0,1.62175815975622e-19
uniprot_nonamp_582,0,3.19037353619933e-05
uniprot_nonamp_583,0,4.72704601156559e-12
uniprot_nonamp_584,0,1.99429678104934e-07
uniprot_nonamp_585,0,1.54369348712696e-29
uniprot_nonamp_586,0,3.69153263797659e-15
uniprot_nonamp_587,0,4.13129299658976e-07
uniprot_nonamp_588,0,5.59329821093199e-15
uniprot_nonamp_589,0,6.3317951571662e-05
uniprot_nonamp_590,0,2.92427966633722e-29
uniprot_nonamp_591,0,6.06006451195378e-21
uniprot_nonamp_592,0,7.38446679661138e-29
uniprot_nonamp_593,0,2.91017761466433e-23
uniprot_nonamp_594,0,0.017189996317029
uniprot_nonamp_595,0,1.00817964431201e-26
uniprot_nonamp_596,0,1.55228341283136e-24
uniprot_nonamp_597,0,8.45265688800278e-20
uniprot_nonamp_598,0,8.3116529666006e-19
uniprot_nonamp_599,0,7.66070576849141e-19
uniprot_nonamp_600,1,0.512720704078674
uniprot_nonamp_601,0,4.67029930353857e-12
uniprot_nonamp_602,0,3.28547258843237e-11
uniprot_nonamp_603,0,1.15144757728558e-07
uniprot_nonamp_604,0,5.1107097720493e-11
uniprot_nonamp_605,0,8.65469241412287e-12
uniprot_nonamp_606,0,0.108599446713924
uniprot_nonamp_607,0,1.68110943370194e-17
uniprot_nonamp_608,0,1.01138752928165e-09
uniprot_nonamp_609,0,6.6571715926834e-15
uniprot_nonamp_610,0,0.0453323423862457
uniprot_nonamp_611,0,1.51453459693585e-05
uniprot_nonamp_612,0,0.293179214000702
uniprot_nonamp_613,0,3.40323197109936e-19
uniprot_nonamp_614,0,4.72733332333143e-20
uniprot_nonamp_615,0,2.47412957092227e-13
uniprot_nonamp_616,0,2.38638286909065e-09
uniprot_nonamp_617,0,7.9632822973322e-21
uniprot_nonamp_618,0,8.77620376371624e-09
uniprot_nonamp_619,0,1.17323543236125e-05
uniprot_nonamp_620,0,2.11499881711672e-22
uniprot_nonamp_621,0,7.74985412503355e-19
uniprot_nonamp_622,0,1.69212713285738e-10
uniprot_nonamp_623,0,2.55877246474467e-11
uniprot_nonamp_624,0,6.27625243443397e-11
uniprot_nonamp_625,0,6.53087139923514e-09
uniprot_nonamp_626,0,0.00127073982730508
uniprot_nonamp_627,0,2.14160689182563e-08
uniprot_nonamp_628,0,2.29924738652373e-20
uniprot_nonamp_629,0,4.05912869609892e-05
uniprot_nonamp_630,0,1.77744379442981e-15
uniprot_nonamp_631,0,5.64748526498436e-27
uniprot_nonamp_632,0,1.99488385987934e-06
uniprot_nonamp_633,0,9.82668663970376e-17
uniprot_nonamp_634,0,2.74682124504425e-23
uniprot_nonamp_635,0,2.10918480470772e-19
uniprot_nonamp_636,0,5.26139505227508e-12
uniprot_nonamp_637,0,5.38246968062595e-05
uniprot_nonamp_638,0,2.01001585167782e-12
uniprot_nonamp_639,0,1.43896361351503e-28
uniprot_nonamp_640,0,2.95029035923822e-11
uniprot_nonamp_641,0,1.31853523654968e-08
uniprot_nonamp_642,0,7.00038641189263e-29
uniprot_nonamp_643,0,1.23403474938666e-11
uniprot_nonamp_644,0,1.93788146134466e-05
uniprot_nonamp_645,0,2.30174973712368e-19
uniprot_nonamp_646,0,2.52427241775877e-07
uniprot_nonamp_647,0,4.13607244697871e-22
uniprot_nonamp_648,0,7.34297923286126e-21
uniprot_nonamp_649,0,2.50882958902667e-20
uniprot_nonamp_650,0,1.01528458577488e-19
uniprot_nonamp_651,0,0.0623477697372437
uniprot_nonamp_652,0,4.47083924613582e-18
uniprot_nonamp_653,0,2.90104554961923e-11
uniprot_nonamp_654,0,5.41998599516539e-24
uniprot_nonamp_655,0,1.0620624388627e-12
uniprot_nonamp_656,0,2.94539784180891e-19
uniprot_nonamp_657,0,3.99470190259876e-09
uniprot_nonamp_658,0,1.36672666323676e-25
uniprot_nonamp_659,0,1.60262360565482e-14
uniprot_nonamp_660,0,3.97746323387551e-18
uniprot_nonamp_661,0,2.67686913492887e-26
uniprot_nonamp_662,1,0.676839470863342
uniprot_nonamp_663,1,0.531353354454041
uniprot_nonamp_664,0,1.45440281388899e-23
uniprot_nonamp_665,0,4.69674183989355e-08
uniprot_nonamp_666,0,0
uniprot_nonamp_667,0,0.000421306496718898
uniprot_nonamp_668,0,0.135065853595734
uniprot_nonamp_669,0,2.75351882306652e-20
uniprot_nonamp_670,0,0.000723362201824784
uniprot_nonamp_671,0,3.06013347155879e-21
uniprot_nonamp_672,0,1.44463143669782e-07
uniprot_nonamp_673,0,1.85156052069659e-28
uniprot_nonamp_674,0,5.3860535856853e-34
uniprot_nonamp_675,0,1.02610785634923e-21
uniprot_nonamp_676,0,1.05754472072875e-23
uniprot_nonamp_677,0,1.14466987000128e-08
uniprot_nonamp_678,0,4.00686991824207e-18
uniprot_nonamp_679,0,1.78922866189757e-20
uniprot_nonamp_680,0,1.98052525443061e-13
uniprot_nonamp_681,0,3.36637197582338e-17
uniprot_nonamp_682,0,1.13436150010193e-19
uniprot_nonamp_683,0,4.35961027478102e-13
uniprot_nonamp_684,0,3.65666035316223e-31
uniprot_nonamp_685,0,1.33253678502253e-19
uniprot_nonamp_686,0,2.09588041217482e-25
uniprot_nonamp_687,0,2.32882270514327e-24
uniprot_nonamp_688,0,1.55382525724783e-22
uniprot_nonamp_689,0,1.48437031555204e-08
uniprot_nonamp_690,0,7.84181422054664e-13
uniprot_nonamp_691,0,0.0113440155982971
uniprot_nonamp_692,0,4.94175027373012e-18
uniprot_nonamp_693,0,5.55708879403497e-19
uniprot_nonamp_694,0,8.69219704389852e-23
uniprot_nonamp_695,0,2.1393082601087e-23
uniprot_nonamp_696,0,1.76790414244348e-28
uniprot_nonamp_697,0,8.1414918006611e-15
uniprot_nonamp_698,0,2.67572155512703e-29
uniprot_nonamp_699,0,3.04553857688461e-08
uniprot_nonamp_700,0,4.75842728186614e-23
uniprot_nonamp_701,0,2.36664691750238e-13
uniprot_nonamp_702,0,1.83887781940885e-19
uniprot_nonamp_703,0,2.52543860226439e-22
uniprot_nonamp_704,0,0.395835191011429
uniprot_nonamp_705,0,4.18621851849821e-07
uniprot_nonamp_706,0,9.87199666670526e-25
uniprot_nonamp_707,0,4.9453775345283e-23
uniprot_nonamp_708,0,2.76768190587973e-07
uniprot_nonamp_709,0,2.04405485197063e-22
uniprot_nonamp_710,0,8.48135282550594e-24
uniprot_nonamp_711,0,5.71831095350321e-26
uniprot_nonamp_712,0,1.09871141673805e-17
uniprot_nonamp_713,0,2.17143100375572e-12
uniprot_nonamp_714,0,6.61914207470838e-21
uniprot_nonamp_715,0,4.13752277381718e-05
uniprot_nonamp_716,0,1.70714659784327e-17
uniprot_nonamp_717,0,3.11559895075893e-22
uniprot_nonamp_718,0,4.82864995817595e-13
uniprot_nonamp_719,0,2.50914844457384e-10
uniprot_nonamp_720,0,7.87505235429438e-26
uniprot_nonamp_721,0,2.19134123617649e-18
uniprot_nonamp_722,0,7.88887564214663e-13
uniprot_nonamp_723,0,0.426135808229446
uniprot_nonamp_724,0,2.10362072406616e-15
uniprot_nonamp_725,0,3.68285679730462e-10
uniprot_nonamp_726,0,2.11110388957824e-16
uniprot_nonamp_727,0,3.14661437097324e-13
uniprot_nonamp_728,0,2.09204910339711e-11
uniprot_nonamp_729,0,1.51023581627366e-15
uniprot_nonamp_730,0,0.000239645742112771
uniprot_nonamp_731,0,6.4396162148547e-22
uniprot_nonamp_732,0,2.05666312115547e-22
uniprot_nonamp_733,0,4.56731072517869e-07
uniprot_nonamp_734,0,1.16119296752839e-16
uniprot_nonamp_735,0,3.80550164947799e-13
uniprot_nonamp_736,0,5.97125447551335e-22
uniprot_nonamp_737,0,1.00178282546576e-23
uniprot_nonamp_738,0,5.51061407315201e-31
uniprot_nonamp_739,0,0.0247579235583544
uniprot_nonamp_740,0,6.32343751036508e-19
uniprot_nonamp_741,0,1.41324469488113e-11
uniprot_nonamp_742,0,1.67867142408795e-09
uniprot_nonamp_743,0,4.08663825747198e-22
uniprot_nonamp_744,1,0.634686708450317
uniprot_nonamp_745,0,8.1756411536571e-13
uniprot_nonamp_746,0,6.09904271184347e-12
uniprot_nonamp_747,0,3.7021567550255e-05
uniprot_nonamp_748,0,2.1529758996011e-27
uniprot_nonamp_749,0,1.21474916182195e-31
uniprot_nonamp_750,0,0.00980821438133717
uniprot_nonamp_751,0,0.377398610115051
uniprot_nonamp_752,0,0.205787092447281
uniprot_nonamp_753,0,5.05459452071477e-09
uniprot_nonamp_754,0,5.19264231613192e-09
uniprot_nonamp_755,0,6.07860246512604e-12
uniprot_nonamp_756,0,8.10572572858417e-16
uniprot_nonamp_757,0,1.90082284370486e-25
uniprot_nonamp_758,0,8.07441692068554e-20
uniprot_nonamp_759,0,2.56005223793348e-18
uniprot_nonamp_760,0,2.73545465792613e-12
uniprot_nonamp_761,0,8.51267805029016e-21
uniprot_nonamp_762,0,3.40864420023124e-11
uniprot_nonamp_763,0,1.59988413169681e-14
uniprot_nonamp_764,0,6.63915016713146e-12
uniprot_nonamp_765,0,1.29307241997223e-11
uniprot_nonamp_766,0,1.67285652832253e-14
uniprot_nonamp_767,0,2.57297672820947e-17
uniprot_nonamp_768,0,1.00147454328475e-28
uniprot_nonamp_769,0,1.12901639469293e-20
uniprot_nonamp_770,0,1.98216740691213e-26
uniprot_nonamp_771,0,6.6849043407342e-24
uniprot_nonamp_772,0,0.00157286424655467
uniprot_nonamp_773,0,3.8129616131144e-10
uniprot_nonamp_774,0,3.78333445188803e-20
uniprot_nonamp_775,0,1.20178741958021e-10
uniprot_nonamp_776,0,2.23475540996073e-20
uniprot_nonamp_777,0,1.89806851736536e-26
uniprot_nonamp_778,0,3.40785008047346e-23
uniprot_nonamp_779,0,7.475914620751e-26
uniprot_nonamp_780,0,6.54895836321565e-24
uniprot_nonamp_781,0,1.4800871783299e-23
uniprot_nonamp_782,0,6.660743255998e-18
uniprot_nonamp_783,0,1.50641248239554e-26
uniprot_nonamp_784,0,6.65868546320076e-33
uniprot_nonamp_785,0,5.36005299786604e-23
uniprot_nonamp_786,0,3.83435281037237e-06
uniprot_nonamp_787,0,8.02640788606368e-05
uniprot_nonamp_788,0,0.000273069774266332
uniprot_nonamp_789,0,9.50229295995086e-05
uniprot_nonamp_790,0,7.70115752577435e-22
uniprot_nonamp_791,0,2.01074779149798e-20
uniprot_nonamp_792,0,6.28173212600248e-24
uniprot_nonamp_793,0,2.9685231233989e-18
uniprot_nonamp_794,0,3.23224398841629e-21
uniprot_nonamp_795,0,3.80222127205343e-06
uniprot_nonamp_796,0,5.26558007103711e-20
uniprot_nonamp_797,0,2.09054968263564e-22
uniprot_nonamp_798,0,4.8135047380285e-13
uniprot_nonamp_799,0,7.84987434093308e-22
uniprot_nonamp_800,0,4.14331225392815e-26
uniprot_nonamp_801,0,9.13176700123586e-05
uniprot_nonamp_802,0,0
uniprot_nonamp_803,0,4.86276667288621e-06
uniprot_nonamp_804,0,1.08815338162712e-19
uniprot_nonamp_805,0,1.1353723857412e-15
uniprot_nonamp_806,0,4.02359840536004e-17
uniprot_nonamp_807,0,1.95584867745957e-11
uniprot_nonamp_808,0,2.37129013267442e-22
uniprot_nonamp_809,1,0.582781732082367
uniprot_nonamp_810,0,1.95500324480236e-05
uniprot_nonamp_811,0,4.69682854600251e-05
uniprot_nonamp_812,0,0.0044495495967567
uniprot_nonamp_813,0,3.01641277885693e-31
uniprot_nonamp_814,0,1.0335825571153e-16
uniprot_nonamp_815,0,4.33902622219793e-14
uniprot_nonamp_816,0,1.61555308345122e-26
uniprot_nonamp_817,0,8.19414136543628e-09
uniprot_nonamp_818,0,3.30668364190807e-15
uniprot_nonamp_819,0,9.50910639119229e-09
uniprot_nonamp_820,0,1.761418083269e-17
uniprot_nonamp_821,0,4.27511573157124e-32
uniprot_nonamp_822,0,8.24384380204712e-11
uniprot_nonamp_823,0,3.14644785248674e-06
uniprot_nonamp_824,0,1.33844150081223e-26
uniprot_nonamp_825,0,1.61741195401957e-30
uniprot_nonamp_826,0,9.82104508828741e-10
uniprot_nonamp_827,0,3.2556145591356e-24
uniprot_nonamp_828,0,5.91291862910056e-19
uniprot_nonamp_829,0,0.000445084297098219
uniprot_nonamp_830,0,7.17826441951884e-23
uniprot_nonamp_831,0,9.39578187341497e-38
uniprot_nonamp_832,0,7.89641268900749e-33
uniprot_nonamp_833,0,1.47207528609542e-22
uniprot_nonamp_834,0,8.72322561407124e-11
uniprot_nonamp_835,0,7.85293190067385e-14
uniprot_nonamp_836,0,1.24237176351016e-05
uniprot_nonamp_837,0,2.17580886876789e-16
uniprot_nonamp_838,0,8.68201478232133e-25
uniprot_nonamp_839,0,4.39724140689589e-20
uniprot_nonamp_840,0,3.17822713138491e-28
uniprot_nonamp_841,0,3.59308808087966e-20
uniprot_nonamp_842,0,4.07983683852346e-27
uniprot_nonamp_843,0,6.67921935208066e-13
uniprot_nonamp_844,0,1.46626275565609e-08
uniprot_nonamp_845,0,1.51174667278461e-29
uniprot_nonamp_846,0,1.91554992244123e-16
uniprot_nonamp_847,0,6.53684675833155e-11
uniprot_nonamp_848,0,5.79423306191502e-29
uniprot_nonamp_849,0,8.52222516050951e-22
uniprot_nonamp_850,0,2.60349369575324e-18
uniprot_nonamp_851,0,3.75081790017214e-26
uniprot_nonamp_852,0,8.05746904305575e-26
uniprot_nonamp_853,0,8.45467747868475e-30
uniprot_nonamp_854,0,6.68326271502746e-27
uniprot_nonamp_855,0,0.000142384873470291
uniprot_nonamp_856,0,1.61054226111866e-21
uniprot_nonamp_857,0,1.31368776534052e-12
uniprot_nonamp_858,0,0.0218985471874475
uniprot_nonamp_859,0,1.30898811789848e-08
uniprot_nonamp_860,0,3.55751762981527e-05
uniprot_nonamp_861,0,1.17280879452508e-10
uniprot_nonamp_862,0,2.07930094569516e-17
uniprot_nonamp_863,0,0.161983266472816
uniprot_nonamp_864,0,6.35240762948386e-17
uniprot_nonamp_865,0,2.16743173950817e-05
uniprot_nonamp_866,0,4.06521995469193e-26
uniprot_nonamp_867,0,0.000560737506020814
uniprot_nonamp_868,0,2.45071324345147e-12
uniprot_nonamp_869,0,4.76343329472084e-18
uniprot_nonamp_870,0,2.00130115574109e-16
uniprot_nonamp_871,0,7.53081905629425e-17
uniprot_nonamp_872,0,2.21188176576036e-20
uniprot_nonamp_873,0,1.63585884916447e-16
uniprot_nonamp_874,0,0.000209628880838864
uniprot_nonamp_875,0,4.85084508896449e-19
uniprot_nonamp_876,0,6.91643657066187e-19
uniprot_nonamp_877,0,1.34663439253779e-13
uniprot_nonamp_878,0,3.79118340069948e-18
uniprot_nonamp_879,0,3.08014335814732e-07
uniprot_nonamp_880,0,2.29129595132686e-21
uniprot_nonamp_881,0,4.74866891469638e-24
uniprot_nonamp_882,0,1.08289657707643e-15
uniprot_nonamp_883,0,2.94719211524352e-05
uniprot_nonamp_884,0,3.54503600953626e-12
uniprot_nonamp_885,0,7.86239741314016e-23
uniprot_nonamp_886,0,8.47442800726469e-25
uniprot_nonamp_887,0,1.07592903891216e-31
uniprot_nonamp_888,0,0.1554796397686
uniprot_nonamp_889,0,3.11508648619407e-38
uniprot_nonamp_890,0,7.14175785533493e-20
uniprot_nonamp_891,0,6.15293570849782e-29
uniprot_nonamp_892,0,6.35947521702635e-21
uniprot_nonamp_893,0,1.19466480978658e-12
uniprot_nonamp_894,0,1.19809972852658e-22
uniprot_nonamp_895,0,3.36606717610266e-07
uniprot_nonamp_896,0,0.0504621304571629
uniprot_nonamp_897,0,1.23160281886164e-12
uniprot_nonamp_898,0,1.74758381839629e-17
uniprot_nonamp_899,0,0.00373634835705161
uniprot_nonamp_900,0,1.68476484628779e-29
uniprot_nonamp_901,0,2.88541621748253e-23
uniprot_nonamp_902,0,5.62656072100297e-20
uniprot_nonamp_903,0,4.17732103001143e-19
uniprot_nonamp_904,0,1.82187782931474e-32
uniprot_nonamp_905,0,0.0315363369882107
uniprot_nonamp_906,0,1.07727434098492e-19
uniprot_nonamp_907,0,9.80756545854861e-14
uniprot_nonamp_908,0,3.50245077385125e-09
uniprot_nonamp_909,0,1.46800370643562e-15
uniprot_nonamp_910,0,2.73449948509148e-20
uniprot_nonamp_911,0,8.17988380810433e-28
uniprot_nonamp_912,0,2.29697224887975e-24
uniprot_nonamp_913,0,1.63857480101753e-13
uniprot_nonamp_914,0,8.00448946276927e-21
uniprot_nonamp_915,0,1.51843869509311e-15
uniprot_nonamp_916,0,1.81273426174203e-13
uniprot_nonamp_917,0,1.80880036968444e-13
uniprot_nonamp_918,0,1.40220990942908e-05
uniprot_nonamp_919,1,0.518208920955658
uniprot_nonamp_920,0,5.72321085849192e-22
uniprot_nonamp_921,0,1.74048182088882e-06
uniprot_nonamp_922,0,0.00025406529312022
uniprot_nonamp_923,0,1.23664278635035e-34
uniprot_nonamp_924,0,1.89420310735572e-29
uniprot_nonamp_925,0,1.5609067531841e-06
uniprot_nonamp_926,0,4.10703862030459e-08
uniprot_nonamp_927,0,3.27776916719813e-10
uniprot_nonamp_928,0,2.92261873368969e-21
uniprot_nonamp_929,0,4.54075999348734e-14
uniprot_nonamp_930,0,4.61207649848916e-09
uniprot_nonamp_931,0,5.50055480488442e-23
uniprot_nonamp_932,0,4.76242656421988e-10
uniprot_nonamp_933,0,1.02049031791495e-29
uniprot_nonamp_934,0,4.35970134776351e-13
uniprot_nonamp_935,0,7.12561964988367e-09
uniprot_nonamp_936,0,2.51335613046016e-16
uniprot_nonamp_937,0,9.59291646769264e-14
uniprot_nonamp_938,0,2.67034439005442e-09
uniprot_nonamp_939,0,0.0512601248919964
uniprot_nonamp_940,0,1.31277079162828e-06
uniprot_nonamp_941,0,9.10727340761047e-20
uniprot_nonamp_942,0,6.818623166331e-17
uniprot_nonamp_943,0,2.00716670630054e-22
uniprot_nonamp_944,0,2.04774210033065e-07
uniprot_nonamp_945,0,7.54755902221405e-09
uniprot_nonamp_946,0,8.61987009548315e-11
uniprot_nonamp_947,0,3.41001467514535e-12
uniprot_nonamp_948,0,4.96024377127924e-09
uniprot_nonamp_949,0,7.28168983172694e-15
uniprot_nonamp_950,0,3.18712376996674e-22
uniprot_nonamp_951,0,1.08066759664084e-16
uniprot_nonamp_952,0,3.9564055261734e-22
uniprot_nonamp_953,0,4.40635436846268e-22
uniprot_nonamp_954,0,2.93479907322269e-19
uniprot_nonamp_955,0,7.70762902287114e-13
uniprot_nonamp_956,0,5.97889636421538e-20
uniprot_nonamp_957,0,7.96779295645332e-14
uniprot_nonamp_958,0,8.96697181424714e-19
uniprot_nonamp_959,0,3.9738040970383e-20
uniprot_nonamp_960,0,2.61084969679359e-05
uniprot_nonamp_961,0,0.0102484226226807
uniprot_nonamp_962,0,1.08339845019814e-19
uniprot_nonamp_963,0,2.18021029018984e-14
uniprot_nonamp_964,0,1.33526948178919e-11
uniprot_nonamp_965,1,0.773071706295013
uniprot_nonamp_966,0,9.83657155302353e-05
uniprot_nonamp_967,0,1.90359785225167e-22
uniprot_nonamp_968,0,5.98830677427976e-14
uniprot_nonamp_969,0,2.1577550857188e-10
uniprot_nonamp_970,0,1.29824756369279e-18
uniprot_nonamp_971,0,1.60187032866691e-16
uniprot_nonamp_972,0,0.00190907984506339
uniprot_nonamp_973,0,6.78351284477685e-07
uniprot_nonamp_974,0,1.76781214043494e-14
uniprot_nonamp_975,0,9.08536003407789e-06
uniprot_nonamp_976,0,3.42332377722965e-11
uniprot_nonamp_977,0,1.80008316488029e-31
uniprot_nonamp_978,0,2.87476886740023e-09
uniprot_nonamp_979,0,4.87421857542358e-05
uniprot_nonamp_980,0,0.000310109549900517
uniprot_nonamp_981,0,1.20442139738909e-18
uniprot_nonamp_982,0,5.08058927544041e-30
uniprot_nonamp_983,0,2.76506445496017e-21
uniprot_nonamp_984,0,3.66591875128677e-13
uniprot_nonamp_985,0,2.87909357507934e-16
uniprot_nonamp_986,0,0.00219862838275731
uniprot_nonamp_987,0,1.83677043204176e-16
uniprot_nonamp_988,0,9.3480425487169e-18
uniprot_nonamp_989,0,6.89921358670192e-16
uniprot_nonamp_990,0,4.45193155169409e-18
uniprot_nonamp_991,0,1.29629688672139e-05
uniprot_nonamp_992,1,0.990967571735382
uniprot_nonamp_993,0,7.59427676993996e-12
uniprot_nonamp_994,0,1.01485212919937e-13
uniprot_nonamp_995,0,7.18685760148219e-06
uniprot_nonamp_996,0,2.13581799815565e-12
uniprot_nonamp_997,0,2.19410772234813e-20
uniprot_nonamp_998,0,1.56439446764639e-14
uniprot_nonamp_999,0,2.50767433436601e-18
uniprot_nonamp_1000,0,1.40622276489921e-07
